{"level":"error","message":"\"features\" is not allowed to be empty","timestamp":"2025-07-30T23:41:32.865Z"}
{"level":"error","message":"Cannot read properties of undefined (reading 'validate')","timestamp":"2025-07-30T23:42:48.936Z"}
{"level":"error","message":"Cannot read properties of undefined (reading 'validate')","timestamp":"2025-07-30T23:49:15.033Z"}
{"level":"error","message":"Cannot read properties of undefined (reading 'validate')","timestamp":"2025-07-30T23:51:33.112Z"}
{"level":"error","message":"Invalid variants data","timestamp":"2025-07-31T00:01:23.850Z"}
{"level":"error","message":"Cast to ObjectId failed for value \"stats\" (type string) at path \"_id\" for model \"Service\"","timestamp":"2025-07-31T00:21:25.115Z"}
{"level":"error","message":"Cast to ObjectId failed for value \"stats\" (type string) at path \"_id\" for model \"Service\"","timestamp":"2025-07-31T00:21:25.131Z"}
{"level":"error","message":"Cast to ObjectId failed for value \"stats\" (type string) at path \"_id\" for model \"Service\"","timestamp":"2025-07-31T12:08:53.210Z"}
{"level":"error","message":"Cast to ObjectId failed for value \"stats\" (type string) at path \"_id\" for model \"Service\"","timestamp":"2025-07-31T12:08:53.235Z"}
{"level":"error","message":"\"config\" must be of type object. \"customerFields[0]._id\" is not allowed. \"customerFields[1]._id\" is not allowed. \"_id\" is not allowed. \"isConfigured\" is not allowed. \"createdAt\" is not allowed. \"updatedAt\" is not allowed","timestamp":"2025-07-31T12:24:23.948Z"}
{"level":"error","message":"Cast to ObjectId failed for value \"[object Object]\" (type string) at path \"_id\" for model \"PaymentMethod\"","timestamp":"2025-07-31T12:32:35.483Z"}
{"level":"error","message":"Cast to ObjectId failed for value \"[object Object]\" (type string) at path \"_id\" for model \"PaymentMethod\"","timestamp":"2025-07-31T12:32:42.175Z"}
{"level":"error","message":"\"config\" must be of type object. \"customerFields[0]._id\" is not allowed. \"customerFields[1]._id\" is not allowed. \"customerFields[2]._id\" is not allowed. \"customerFields[3]._id\" is not allowed. \"_id\" is not allowed. \"isConfigured\" is not allowed. \"createdAt\" is not allowed. \"updatedAt\" is not allowed","timestamp":"2025-07-31T12:56:56.102Z"}
{"level":"error","message":"\"customerFields[0].placeholder\" is not allowed to be empty. \"customerFields[1].placeholder\" is not allowed to be empty","timestamp":"2025-07-31T13:10:56.997Z"}
{"level":"error","message":"\"customerFields[0].placeholder\" is not allowed to be empty. \"customerFields[1].placeholder\" is not allowed to be empty","timestamp":"2025-07-31T13:12:54.289Z"}
{"level":"error","message":"connect ECONNREFUSED 159.41.95.14:27017","timestamp":"2025-07-31T16:45:42.730Z"}
{"level":"error","message":"Invalid or expired token.","timestamp":"2025-07-31T16:45:42.735Z"}
{"level":"error","message":"connect ECONNREFUSED 159.41.95.14:27017","timestamp":"2025-07-31T16:46:02.723Z"}
{"level":"error","message":"Invalid or expired token.","timestamp":"2025-07-31T16:46:02.728Z"}
{"level":"error","message":"connect ECONNREFUSED 159.41.95.14:27017","timestamp":"2025-07-31T16:46:15.946Z"}
{"level":"error","message":"connect ECONNREFUSED 159.41.95.14:27017","timestamp":"2025-07-31T16:46:35.971Z"}
{"level":"error","message":"Cast to ObjectId failed for value \"stats\" (type string) at path \"_id\" for model \"Service\"","timestamp":"2025-07-31T17:06:14.192Z"}
{"level":"error","message":"Cast to ObjectId failed for value \"stats\" (type string) at path \"_id\" for model \"Service\"","timestamp":"2025-07-31T17:06:14.211Z"}
{"level":"error","message":"\"config.mobileMoney.phoneNumber\" is required. \"config.mobileMoney.accountName\" is required","timestamp":"2025-07-31T18:35:37.191Z"}
{"level":"error","message":"Cast to ObjectId failed for value \"stats\" (type string) at path \"_id\" for model \"Service\"","timestamp":"2025-07-31T18:52:14.293Z"}
{"level":"error","message":"Cast to ObjectId failed for value \"stats\" (type string) at path \"_id\" for model \"Service\"","timestamp":"2025-07-31T18:52:14.327Z"}
{"level":"error","message":"Cast to ObjectId failed for value \"stats\" (type string) at path \"_id\" for model \"Service\"","timestamp":"2025-07-31T19:07:08.468Z"}
{"level":"error","message":"Cast to ObjectId failed for value \"stats\" (type string) at path \"_id\" for model \"Service\"","timestamp":"2025-07-31T19:07:08.501Z"}
{"level":"error","message":"Login first to access this resource.","timestamp":"2025-07-31T20:16:25.187Z"}
{"level":"error","message":"Login first to access this resource.","timestamp":"2025-07-31T20:16:25.189Z"}
{"level":"error","message":"Login first to access this resource.","timestamp":"2025-07-31T20:16:25.191Z"}
{"level":"error","message":"Login first to access this resource.","timestamp":"2025-07-31T20:16:25.200Z"}
{"level":"error","message":"Login first to access this resource.","timestamp":"2025-07-31T20:16:25.203Z"}
{"level":"error","message":"Login first to access this resource.","timestamp":"2025-07-31T20:16:25.205Z"}
{"level":"error","message":"Login first to access this resource.","timestamp":"2025-07-31T20:16:26.931Z"}
{"level":"error","message":"Login first to access this resource.","timestamp":"2025-07-31T20:16:26.934Z"}
{"level":"error","message":"Login first to access this resource.","timestamp":"2025-07-31T20:16:26.936Z"}
{"level":"error","message":"Login first to access this resource.","timestamp":"2025-07-31T20:16:26.949Z"}
{"level":"error","message":"Login first to access this resource.","timestamp":"2025-07-31T20:16:26.951Z"}
{"level":"error","message":"Login first to access this resource.","timestamp":"2025-07-31T20:16:26.953Z"}
{"level":"error","message":"Login first to access this resource.","timestamp":"2025-07-31T20:16:28.937Z"}
{"level":"error","message":"Login first to access this resource.","timestamp":"2025-07-31T20:16:28.943Z"}
{"level":"error","message":"Login first to access this resource.","timestamp":"2025-07-31T20:16:28.947Z"}
{"level":"error","message":"Login first to access this resource.","timestamp":"2025-07-31T20:16:28.953Z"}
{"level":"error","message":"Login first to access this resource.","timestamp":"2025-07-31T20:16:28.958Z"}
{"level":"error","message":"Login first to access this resource.","timestamp":"2025-07-31T20:16:28.960Z"}
{"level":"error","message":"Login first to access this resource.","timestamp":"2025-07-31T20:16:31.942Z"}
{"level":"error","message":"Login first to access this resource.","timestamp":"2025-07-31T20:16:31.950Z"}
{"level":"error","message":"Login first to access this resource.","timestamp":"2025-07-31T20:16:31.954Z"}
{"level":"error","message":"Login first to access this resource.","timestamp":"2025-07-31T20:16:31.960Z"}
{"level":"error","message":"Login first to access this resource.","timestamp":"2025-07-31T20:16:31.973Z"}
{"level":"error","message":"Login first to access this resource.","timestamp":"2025-07-31T20:16:31.982Z"}
{"level":"error","message":"Login first to access this resource.","timestamp":"2025-07-31T20:16:33.724Z"}
{"level":"error","message":"Login first to access this resource.","timestamp":"2025-07-31T20:16:33.727Z"}
{"level":"error","message":"Login first to access this resource.","timestamp":"2025-07-31T20:16:33.729Z"}
{"level":"error","message":"Login first to access this resource.","timestamp":"2025-07-31T20:16:33.737Z"}
{"level":"error","message":"Login first to access this resource.","timestamp":"2025-07-31T20:16:33.739Z"}
{"level":"error","message":"Login first to access this resource.","timestamp":"2025-07-31T20:16:33.740Z"}
{"level":"error","message":"Login first to access this resource.","timestamp":"2025-07-31T20:16:35.852Z"}
{"level":"error","message":"Login first to access this resource.","timestamp":"2025-07-31T20:16:35.854Z"}
{"level":"error","message":"Login first to access this resource.","timestamp":"2025-07-31T20:16:35.858Z"}
{"level":"error","message":"Login first to access this resource.","timestamp":"2025-07-31T20:16:35.863Z"}
{"level":"error","message":"Login first to access this resource.","timestamp":"2025-07-31T20:16:35.869Z"}
{"level":"error","message":"Login first to access this resource.","timestamp":"2025-07-31T20:16:35.871Z"}
{"level":"error","message":"Login first to access this resource.","timestamp":"2025-07-31T20:16:38.604Z"}
{"level":"error","message":"Login first to access this resource.","timestamp":"2025-07-31T20:16:38.608Z"}
{"level":"error","message":"Login first to access this resource.","timestamp":"2025-07-31T20:16:38.616Z"}
{"level":"error","message":"Login first to access this resource.","timestamp":"2025-07-31T20:16:38.621Z"}
{"level":"error","message":"Login first to access this resource.","timestamp":"2025-07-31T20:16:38.625Z"}
{"level":"error","message":"Login first to access this resource.","timestamp":"2025-07-31T20:16:38.629Z"}
{"level":"error","message":"Login first to access this resource.","timestamp":"2025-07-31T20:16:40.659Z"}
{"level":"error","message":"Login first to access this resource.","timestamp":"2025-07-31T20:16:40.664Z"}
{"level":"error","message":"Login first to access this resource.","timestamp":"2025-07-31T20:16:40.666Z"}
{"level":"error","message":"Login first to access this resource.","timestamp":"2025-07-31T20:16:40.674Z"}
{"level":"error","message":"Login first to access this resource.","timestamp":"2025-07-31T20:16:40.677Z"}
{"level":"error","message":"Login first to access this resource.","timestamp":"2025-07-31T20:16:40.680Z"}
{"level":"error","message":"Login first to access this resource.","timestamp":"2025-07-31T20:16:43.199Z"}
{"level":"error","message":"Login first to access this resource.","timestamp":"2025-07-31T20:16:43.201Z"}
{"level":"error","message":"Login first to access this resource.","timestamp":"2025-07-31T20:16:43.204Z"}
{"level":"error","message":"Login first to access this resource.","timestamp":"2025-07-31T20:16:43.228Z"}
{"level":"error","message":"Login first to access this resource.","timestamp":"2025-07-31T20:16:43.234Z"}
{"level":"error","message":"Login first to access this resource.","timestamp":"2025-07-31T20:16:43.239Z"}
{"level":"error","message":"Login first to access this resource.","timestamp":"2025-07-31T20:16:45.206Z"}
{"level":"error","message":"Login first to access this resource.","timestamp":"2025-07-31T20:16:45.208Z"}
{"level":"error","message":"Login first to access this resource.","timestamp":"2025-07-31T20:16:45.209Z"}
{"level":"error","message":"Login first to access this resource.","timestamp":"2025-07-31T20:16:45.215Z"}
{"level":"error","message":"Login first to access this resource.","timestamp":"2025-07-31T20:16:45.217Z"}
{"level":"error","message":"Login first to access this resource.","timestamp":"2025-07-31T20:16:45.218Z"}
{"level":"error","message":"Login first to access this resource.","timestamp":"2025-07-31T20:16:47.039Z"}
{"level":"error","message":"Login first to access this resource.","timestamp":"2025-07-31T20:16:47.041Z"}
{"level":"error","message":"Login first to access this resource.","timestamp":"2025-07-31T20:16:47.043Z"}
{"level":"error","message":"Login first to access this resource.","timestamp":"2025-07-31T20:16:47.048Z"}
{"level":"error","message":"Login first to access this resource.","timestamp":"2025-07-31T20:16:47.050Z"}
{"level":"error","message":"Login first to access this resource.","timestamp":"2025-07-31T20:16:47.053Z"}
{"level":"error","message":"Login first to access this resource.","timestamp":"2025-07-31T20:16:48.667Z"}
{"level":"error","message":"Login first to access this resource.","timestamp":"2025-07-31T20:16:48.669Z"}
{"level":"error","message":"Login first to access this resource.","timestamp":"2025-07-31T20:16:48.671Z"}
{"level":"error","message":"Login first to access this resource.","timestamp":"2025-07-31T20:16:48.676Z"}
{"level":"error","message":"Login first to access this resource.","timestamp":"2025-07-31T20:16:48.678Z"}
{"level":"error","message":"Login first to access this resource.","timestamp":"2025-07-31T20:16:48.679Z"}
{"level":"error","message":"Login first to access this resource.","timestamp":"2025-07-31T20:16:50.351Z"}
{"level":"error","message":"Login first to access this resource.","timestamp":"2025-07-31T20:16:50.353Z"}
{"level":"error","message":"Login first to access this resource.","timestamp":"2025-07-31T20:16:50.354Z"}
{"level":"error","message":"Login first to access this resource.","timestamp":"2025-07-31T20:16:50.360Z"}
{"level":"error","message":"Login first to access this resource.","timestamp":"2025-07-31T20:16:50.361Z"}
{"level":"error","message":"Login first to access this resource.","timestamp":"2025-07-31T20:16:50.363Z"}
{"level":"error","message":"Login first to access this resource.","timestamp":"2025-07-31T20:16:52.118Z"}
{"level":"error","message":"Login first to access this resource.","timestamp":"2025-07-31T20:16:52.121Z"}
{"level":"error","message":"Login first to access this resource.","timestamp":"2025-07-31T20:16:52.124Z"}
{"level":"error","message":"Login first to access this resource.","timestamp":"2025-07-31T20:16:52.131Z"}
{"level":"error","message":"Login first to access this resource.","timestamp":"2025-07-31T20:16:52.134Z"}
{"level":"error","message":"Login first to access this resource.","timestamp":"2025-07-31T20:16:52.136Z"}
{"level":"error","message":"Login first to access this resource.","timestamp":"2025-07-31T20:16:53.757Z"}
{"level":"error","message":"Login first to access this resource.","timestamp":"2025-07-31T20:16:53.758Z"}
{"level":"error","message":"Login first to access this resource.","timestamp":"2025-07-31T20:16:53.760Z"}
{"level":"error","message":"Login first to access this resource.","timestamp":"2025-07-31T20:16:53.766Z"}
{"level":"error","message":"Login first to access this resource.","timestamp":"2025-07-31T20:16:53.767Z"}
{"level":"error","message":"Login first to access this resource.","timestamp":"2025-07-31T20:16:53.769Z"}
{"level":"error","message":"Login first to access this resource.","timestamp":"2025-07-31T20:16:55.380Z"}
{"level":"error","message":"Login first to access this resource.","timestamp":"2025-07-31T20:16:55.382Z"}
{"level":"error","message":"Login first to access this resource.","timestamp":"2025-07-31T20:16:55.384Z"}
{"level":"error","message":"Login first to access this resource.","timestamp":"2025-07-31T20:16:55.392Z"}
{"level":"error","message":"Login first to access this resource.","timestamp":"2025-07-31T20:16:55.394Z"}
{"level":"error","message":"Login first to access this resource.","timestamp":"2025-07-31T20:16:55.395Z"}
{"level":"error","message":"Login first to access this resource.","timestamp":"2025-07-31T20:16:56.914Z"}
{"level":"error","message":"Login first to access this resource.","timestamp":"2025-07-31T20:16:56.916Z"}
{"level":"error","message":"Login first to access this resource.","timestamp":"2025-07-31T20:16:56.918Z"}
{"level":"error","message":"Login first to access this resource.","timestamp":"2025-07-31T20:16:56.925Z"}
{"level":"error","message":"Login first to access this resource.","timestamp":"2025-07-31T20:16:56.927Z"}
{"level":"error","message":"Login first to access this resource.","timestamp":"2025-07-31T20:16:56.929Z"}
{"level":"error","message":"Login first to access this resource.","timestamp":"2025-07-31T20:16:58.367Z"}
{"level":"error","message":"Login first to access this resource.","timestamp":"2025-07-31T20:16:58.371Z"}
{"level":"error","message":"Login first to access this resource.","timestamp":"2025-07-31T20:16:58.374Z"}
{"level":"error","message":"Login first to access this resource.","timestamp":"2025-07-31T20:16:58.383Z"}
{"level":"error","message":"Login first to access this resource.","timestamp":"2025-07-31T20:16:58.388Z"}
{"level":"error","message":"Login first to access this resource.","timestamp":"2025-07-31T20:16:58.395Z"}
{"level":"error","message":"Login first to access this resource.","timestamp":"2025-07-31T20:17:00.387Z"}
{"level":"error","message":"Login first to access this resource.","timestamp":"2025-07-31T20:17:00.389Z"}
{"level":"error","message":"Login first to access this resource.","timestamp":"2025-07-31T20:17:00.392Z"}
{"level":"error","message":"Login first to access this resource.","timestamp":"2025-07-31T20:17:00.400Z"}
{"level":"error","message":"Login first to access this resource.","timestamp":"2025-07-31T20:17:00.403Z"}
{"level":"error","message":"Login first to access this resource.","timestamp":"2025-07-31T20:17:00.407Z"}
{"level":"error","message":"Login first to access this resource.","timestamp":"2025-07-31T20:17:02.291Z"}
{"level":"error","message":"Login first to access this resource.","timestamp":"2025-07-31T20:17:02.294Z"}
{"level":"error","message":"Login first to access this resource.","timestamp":"2025-07-31T20:17:02.296Z"}
{"level":"error","message":"Login first to access this resource.","timestamp":"2025-07-31T20:17:02.307Z"}
{"level":"error","message":"Login first to access this resource.","timestamp":"2025-07-31T20:17:02.309Z"}
{"level":"error","message":"Login first to access this resource.","timestamp":"2025-07-31T20:17:02.310Z"}
{"level":"error","message":"Login first to access this resource.","timestamp":"2025-07-31T20:17:04.524Z"}
{"level":"error","message":"Login first to access this resource.","timestamp":"2025-07-31T20:17:04.526Z"}
{"level":"error","message":"Login first to access this resource.","timestamp":"2025-07-31T20:17:04.531Z"}
{"level":"error","message":"Login first to access this resource.","timestamp":"2025-07-31T20:17:04.541Z"}
{"level":"error","message":"Login first to access this resource.","timestamp":"2025-07-31T20:17:04.542Z"}
{"level":"error","message":"Login first to access this resource.","timestamp":"2025-07-31T20:17:04.544Z"}
{"level":"error","message":"Login first to access this resource.","timestamp":"2025-07-31T20:17:06.108Z"}
{"level":"error","message":"Login first to access this resource.","timestamp":"2025-07-31T20:17:06.110Z"}
{"level":"error","message":"Login first to access this resource.","timestamp":"2025-07-31T20:17:06.111Z"}
{"level":"error","message":"Login first to access this resource.","timestamp":"2025-07-31T20:17:06.118Z"}
{"level":"error","message":"Login first to access this resource.","timestamp":"2025-07-31T20:17:06.120Z"}
{"level":"error","message":"Login first to access this resource.","timestamp":"2025-07-31T20:17:06.121Z"}
{"level":"error","message":"Login first to access this resource.","timestamp":"2025-07-31T20:17:07.434Z"}
{"level":"error","message":"Login first to access this resource.","timestamp":"2025-07-31T20:17:07.436Z"}
{"level":"error","message":"Login first to access this resource.","timestamp":"2025-07-31T20:17:07.439Z"}
{"level":"error","message":"Login first to access this resource.","timestamp":"2025-07-31T20:17:07.445Z"}
{"level":"error","message":"Login first to access this resource.","timestamp":"2025-07-31T20:17:07.447Z"}
{"level":"error","message":"Login first to access this resource.","timestamp":"2025-07-31T20:17:07.448Z"}
{"level":"error","message":"Login first to access this resource.","timestamp":"2025-07-31T20:17:08.798Z"}
{"level":"error","message":"Login first to access this resource.","timestamp":"2025-07-31T20:17:08.799Z"}
{"level":"error","message":"Login first to access this resource.","timestamp":"2025-07-31T20:17:08.800Z"}
{"level":"error","message":"Login first to access this resource.","timestamp":"2025-07-31T20:17:08.806Z"}
{"level":"error","message":"Login first to access this resource.","timestamp":"2025-07-31T20:17:08.807Z"}
{"level":"error","message":"Login first to access this resource.","timestamp":"2025-07-31T20:17:08.808Z"}
{"level":"error","message":"Login first to access this resource.","timestamp":"2025-07-31T20:17:10.113Z"}
{"level":"error","message":"Login first to access this resource.","timestamp":"2025-07-31T20:17:10.115Z"}
{"level":"error","message":"Login first to access this resource.","timestamp":"2025-07-31T20:17:10.119Z"}
{"level":"error","message":"Login first to access this resource.","timestamp":"2025-07-31T20:17:10.123Z"}
{"level":"error","message":"Login first to access this resource.","timestamp":"2025-07-31T20:17:10.125Z"}
{"level":"error","message":"Login first to access this resource.","timestamp":"2025-07-31T20:17:10.128Z"}
{"level":"error","message":"Login first to access this resource.","timestamp":"2025-07-31T20:17:12.004Z"}
{"level":"error","message":"Login first to access this resource.","timestamp":"2025-07-31T20:17:12.008Z"}
{"level":"error","message":"Login first to access this resource.","timestamp":"2025-07-31T20:17:12.011Z"}
{"level":"error","message":"Login first to access this resource.","timestamp":"2025-07-31T20:17:12.023Z"}
{"level":"error","message":"Login first to access this resource.","timestamp":"2025-07-31T20:17:12.025Z"}
{"level":"error","message":"Login first to access this resource.","timestamp":"2025-07-31T20:17:12.026Z"}
{"level":"error","message":"Login first to access this resource.","timestamp":"2025-07-31T20:17:13.717Z"}
{"level":"error","message":"Login first to access this resource.","timestamp":"2025-07-31T20:17:13.718Z"}
{"level":"error","message":"Login first to access this resource.","timestamp":"2025-07-31T20:17:13.720Z"}
{"level":"error","message":"Login first to access this resource.","timestamp":"2025-07-31T20:17:13.725Z"}
{"level":"error","message":"Login first to access this resource.","timestamp":"2025-07-31T20:17:13.727Z"}
{"level":"error","message":"Login first to access this resource.","timestamp":"2025-07-31T20:17:13.729Z"}
{"level":"error","message":"Login first to access this resource.","timestamp":"2025-07-31T20:17:15.547Z"}
{"level":"error","message":"Login first to access this resource.","timestamp":"2025-07-31T20:17:15.550Z"}
{"level":"error","message":"Login first to access this resource.","timestamp":"2025-07-31T20:17:15.552Z"}
{"level":"error","message":"Login first to access this resource.","timestamp":"2025-07-31T20:17:15.559Z"}
{"level":"error","message":"Login first to access this resource.","timestamp":"2025-07-31T20:17:15.561Z"}
{"level":"error","message":"Login first to access this resource.","timestamp":"2025-07-31T20:17:15.564Z"}
{"level":"error","message":"Login first to access this resource.","timestamp":"2025-07-31T20:18:03.432Z"}
{"level":"error","message":"Login first to access this resource.","timestamp":"2025-07-31T20:18:03.434Z"}
{"level":"error","message":"Login first to access this resource.","timestamp":"2025-07-31T20:18:03.438Z"}
{"level":"error","message":"Login first to access this resource.","timestamp":"2025-07-31T20:18:03.447Z"}
{"level":"error","message":"Login first to access this resource.","timestamp":"2025-07-31T20:18:03.450Z"}
{"level":"error","message":"Login first to access this resource.","timestamp":"2025-07-31T20:18:03.454Z"}
{"level":"error","message":"Login first to access this resource.","timestamp":"2025-07-31T20:18:05.230Z"}
{"level":"error","message":"Login first to access this resource.","timestamp":"2025-07-31T20:18:05.233Z"}
{"level":"error","message":"Login first to access this resource.","timestamp":"2025-07-31T20:18:05.235Z"}
{"level":"error","message":"Login first to access this resource.","timestamp":"2025-07-31T20:18:05.247Z"}
{"level":"error","message":"Login first to access this resource.","timestamp":"2025-07-31T20:18:05.249Z"}
{"level":"error","message":"Login first to access this resource.","timestamp":"2025-07-31T20:18:05.252Z"}
{"level":"error","message":"Login first to access this resource.","timestamp":"2025-07-31T20:18:06.797Z"}
{"level":"error","message":"Login first to access this resource.","timestamp":"2025-07-31T20:18:06.799Z"}
{"level":"error","message":"Login first to access this resource.","timestamp":"2025-07-31T20:18:06.800Z"}
{"level":"error","message":"Login first to access this resource.","timestamp":"2025-07-31T20:18:06.807Z"}
{"level":"error","message":"Login first to access this resource.","timestamp":"2025-07-31T20:18:06.808Z"}
{"level":"error","message":"Login first to access this resource.","timestamp":"2025-07-31T20:18:06.812Z"}
{"level":"error","message":"Login first to access this resource.","timestamp":"2025-07-31T20:18:08.285Z"}
{"level":"error","message":"Login first to access this resource.","timestamp":"2025-07-31T20:18:08.287Z"}
{"level":"error","message":"Login first to access this resource.","timestamp":"2025-07-31T20:18:08.288Z"}
{"level":"error","message":"Login first to access this resource.","timestamp":"2025-07-31T20:18:08.294Z"}
{"level":"error","message":"Login first to access this resource.","timestamp":"2025-07-31T20:18:08.297Z"}
{"level":"error","message":"Login first to access this resource.","timestamp":"2025-07-31T20:18:08.299Z"}
{"level":"error","message":"Login first to access this resource.","timestamp":"2025-07-31T20:18:09.723Z"}
{"level":"error","message":"Login first to access this resource.","timestamp":"2025-07-31T20:18:09.725Z"}
{"level":"error","message":"Login first to access this resource.","timestamp":"2025-07-31T20:18:09.731Z"}
{"level":"error","message":"Login first to access this resource.","timestamp":"2025-07-31T20:18:09.736Z"}
{"level":"error","message":"Login first to access this resource.","timestamp":"2025-07-31T20:18:09.738Z"}
{"level":"error","message":"Login first to access this resource.","timestamp":"2025-07-31T20:18:09.741Z"}
{"level":"error","message":"Login first to access this resource.","timestamp":"2025-07-31T20:18:11.156Z"}
{"level":"error","message":"Login first to access this resource.","timestamp":"2025-07-31T20:18:11.158Z"}
{"level":"error","message":"Login first to access this resource.","timestamp":"2025-07-31T20:18:11.161Z"}
{"level":"error","message":"Login first to access this resource.","timestamp":"2025-07-31T20:18:11.169Z"}
{"level":"error","message":"Login first to access this resource.","timestamp":"2025-07-31T20:18:11.171Z"}
{"level":"error","message":"Login first to access this resource.","timestamp":"2025-07-31T20:18:11.172Z"}
{"level":"error","message":"Login first to access this resource.","timestamp":"2025-07-31T20:18:12.632Z"}
{"level":"error","message":"Login first to access this resource.","timestamp":"2025-07-31T20:18:12.634Z"}
{"level":"error","message":"Login first to access this resource.","timestamp":"2025-07-31T20:18:12.636Z"}
{"level":"error","message":"Login first to access this resource.","timestamp":"2025-07-31T20:18:12.641Z"}
{"level":"error","message":"Login first to access this resource.","timestamp":"2025-07-31T20:18:12.644Z"}
{"level":"error","message":"Login first to access this resource.","timestamp":"2025-07-31T20:18:12.646Z"}
{"level":"error","message":"Login first to access this resource.","timestamp":"2025-07-31T20:18:14.085Z"}
{"level":"error","message":"Login first to access this resource.","timestamp":"2025-07-31T20:18:14.087Z"}
{"level":"error","message":"Login first to access this resource.","timestamp":"2025-07-31T20:18:14.088Z"}
{"level":"error","message":"Login first to access this resource.","timestamp":"2025-07-31T20:18:14.104Z"}
{"level":"error","message":"Login first to access this resource.","timestamp":"2025-07-31T20:18:14.106Z"}
{"level":"error","message":"Login first to access this resource.","timestamp":"2025-07-31T20:18:14.116Z"}
{"level":"error","message":"Login first to access this resource.","timestamp":"2025-07-31T20:18:15.684Z"}
{"level":"error","message":"Login first to access this resource.","timestamp":"2025-07-31T20:18:15.687Z"}
{"level":"error","message":"Login first to access this resource.","timestamp":"2025-07-31T20:18:15.688Z"}
{"level":"error","message":"Login first to access this resource.","timestamp":"2025-07-31T20:18:15.699Z"}
{"level":"error","message":"Login first to access this resource.","timestamp":"2025-07-31T20:18:15.700Z"}
{"level":"error","message":"Login first to access this resource.","timestamp":"2025-07-31T20:18:15.702Z"}
{"level":"error","message":"Login first to access this resource.","timestamp":"2025-07-31T20:18:17.198Z"}
{"level":"error","message":"Login first to access this resource.","timestamp":"2025-07-31T20:18:17.201Z"}
{"level":"error","message":"Login first to access this resource.","timestamp":"2025-07-31T20:18:17.203Z"}
{"level":"error","message":"Login first to access this resource.","timestamp":"2025-07-31T20:18:17.211Z"}
{"level":"error","message":"Login first to access this resource.","timestamp":"2025-07-31T20:18:17.213Z"}
{"level":"error","message":"Login first to access this resource.","timestamp":"2025-07-31T20:18:17.215Z"}
{"level":"error","message":"Login first to access this resource.","timestamp":"2025-07-31T20:18:18.644Z"}
{"level":"error","message":"Login first to access this resource.","timestamp":"2025-07-31T20:18:18.646Z"}
{"level":"error","message":"Login first to access this resource.","timestamp":"2025-07-31T20:18:18.647Z"}
{"level":"error","message":"Login first to access this resource.","timestamp":"2025-07-31T20:18:18.656Z"}
{"level":"error","message":"Login first to access this resource.","timestamp":"2025-07-31T20:18:18.659Z"}
{"level":"error","message":"Login first to access this resource.","timestamp":"2025-07-31T20:18:18.661Z"}
{"level":"error","message":"Login first to access this resource.","timestamp":"2025-07-31T20:18:20.155Z"}
{"level":"error","message":"Login first to access this resource.","timestamp":"2025-07-31T20:18:20.161Z"}
{"level":"error","message":"Login first to access this resource.","timestamp":"2025-07-31T20:18:20.162Z"}
{"level":"error","message":"Login first to access this resource.","timestamp":"2025-07-31T20:18:20.168Z"}
{"level":"error","message":"Login first to access this resource.","timestamp":"2025-07-31T20:18:20.173Z"}
{"level":"error","message":"Login first to access this resource.","timestamp":"2025-07-31T20:18:20.175Z"}
{"level":"error","message":"Login first to access this resource.","timestamp":"2025-07-31T20:18:21.635Z"}
{"level":"error","message":"Login first to access this resource.","timestamp":"2025-07-31T20:18:21.641Z"}
{"level":"error","message":"Login first to access this resource.","timestamp":"2025-07-31T20:18:21.645Z"}
{"level":"error","message":"Login first to access this resource.","timestamp":"2025-07-31T20:18:21.656Z"}
{"level":"error","message":"Login first to access this resource.","timestamp":"2025-07-31T20:18:21.660Z"}
{"level":"error","message":"Login first to access this resource.","timestamp":"2025-07-31T20:18:21.664Z"}
{"level":"error","message":"Login first to access this resource.","timestamp":"2025-07-31T20:18:23.142Z"}
{"level":"error","message":"Login first to access this resource.","timestamp":"2025-07-31T20:18:23.146Z"}
{"level":"error","message":"Login first to access this resource.","timestamp":"2025-07-31T20:18:23.148Z"}
{"level":"error","message":"Login first to access this resource.","timestamp":"2025-07-31T20:18:23.155Z"}
{"level":"error","message":"Login first to access this resource.","timestamp":"2025-07-31T20:18:23.158Z"}
{"level":"error","message":"Login first to access this resource.","timestamp":"2025-07-31T20:18:23.159Z"}
{"level":"error","message":"Login first to access this resource.","timestamp":"2025-07-31T20:18:24.601Z"}
{"level":"error","message":"Login first to access this resource.","timestamp":"2025-07-31T20:18:24.603Z"}
{"level":"error","message":"Login first to access this resource.","timestamp":"2025-07-31T20:18:24.605Z"}
{"level":"error","message":"Login first to access this resource.","timestamp":"2025-07-31T20:18:24.613Z"}
{"level":"error","message":"Login first to access this resource.","timestamp":"2025-07-31T20:18:24.615Z"}
{"level":"error","message":"Login first to access this resource.","timestamp":"2025-07-31T20:18:24.616Z"}
{"level":"error","message":"Login first to access this resource.","timestamp":"2025-07-31T20:18:26.082Z"}
{"level":"error","message":"Login first to access this resource.","timestamp":"2025-07-31T20:18:26.085Z"}
{"level":"error","message":"Login first to access this resource.","timestamp":"2025-07-31T20:18:26.089Z"}
{"level":"error","message":"Login first to access this resource.","timestamp":"2025-07-31T20:18:26.098Z"}
{"level":"error","message":"Login first to access this resource.","timestamp":"2025-07-31T20:18:26.100Z"}
{"level":"error","message":"Login first to access this resource.","timestamp":"2025-07-31T20:18:26.102Z"}
{"level":"error","message":"Login first to access this resource.","timestamp":"2025-07-31T20:18:27.572Z"}
{"level":"error","message":"Login first to access this resource.","timestamp":"2025-07-31T20:18:27.574Z"}
{"level":"error","message":"Login first to access this resource.","timestamp":"2025-07-31T20:18:27.578Z"}
{"level":"error","message":"Login first to access this resource.","timestamp":"2025-07-31T20:18:27.588Z"}
{"level":"error","message":"Login first to access this resource.","timestamp":"2025-07-31T20:18:27.590Z"}
{"level":"error","message":"Login first to access this resource.","timestamp":"2025-07-31T20:18:27.592Z"}
{"level":"error","message":"Login first to access this resource.","timestamp":"2025-07-31T20:18:29.080Z"}
{"level":"error","message":"Login first to access this resource.","timestamp":"2025-07-31T20:18:29.081Z"}
{"level":"error","message":"Login first to access this resource.","timestamp":"2025-07-31T20:18:29.083Z"}
{"level":"error","message":"Login first to access this resource.","timestamp":"2025-07-31T20:18:29.091Z"}
{"level":"error","message":"Login first to access this resource.","timestamp":"2025-07-31T20:18:29.093Z"}
{"level":"error","message":"Login first to access this resource.","timestamp":"2025-07-31T20:18:29.096Z"}
{"level":"error","message":"Login first to access this resource.","timestamp":"2025-07-31T20:18:30.562Z"}
{"level":"error","message":"Login first to access this resource.","timestamp":"2025-07-31T20:18:30.564Z"}
{"level":"error","message":"Login first to access this resource.","timestamp":"2025-07-31T20:18:30.566Z"}
{"level":"error","message":"Login first to access this resource.","timestamp":"2025-07-31T20:18:30.576Z"}
{"level":"error","message":"Login first to access this resource.","timestamp":"2025-07-31T20:18:30.578Z"}
{"level":"error","message":"Login first to access this resource.","timestamp":"2025-07-31T20:18:30.580Z"}
{"level":"error","message":"Login first to access this resource.","timestamp":"2025-07-31T20:18:32.343Z"}
{"level":"error","message":"Login first to access this resource.","timestamp":"2025-07-31T20:18:32.349Z"}
{"level":"error","message":"Login first to access this resource.","timestamp":"2025-07-31T20:18:32.353Z"}
{"level":"error","message":"Login first to access this resource.","timestamp":"2025-07-31T20:18:32.357Z"}
{"level":"error","message":"Login first to access this resource.","timestamp":"2025-07-31T20:18:32.362Z"}
{"level":"error","message":"Login first to access this resource.","timestamp":"2025-07-31T20:18:32.365Z"}
{"level":"error","message":"Login first to access this resource.","timestamp":"2025-07-31T20:18:34.123Z"}
{"level":"error","message":"Login first to access this resource.","timestamp":"2025-07-31T20:18:34.128Z"}
{"level":"error","message":"Login first to access this resource.","timestamp":"2025-07-31T20:18:34.130Z"}
{"level":"error","message":"Login first to access this resource.","timestamp":"2025-07-31T20:18:34.139Z"}
{"level":"error","message":"Login first to access this resource.","timestamp":"2025-07-31T20:18:34.145Z"}
{"level":"error","message":"Login first to access this resource.","timestamp":"2025-07-31T20:18:34.148Z"}
{"level":"error","message":"Login first to access this resource.","timestamp":"2025-07-31T20:18:35.758Z"}
{"level":"error","message":"Login first to access this resource.","timestamp":"2025-07-31T20:18:35.760Z"}
{"level":"error","message":"Login first to access this resource.","timestamp":"2025-07-31T20:18:35.761Z"}
{"level":"error","message":"Login first to access this resource.","timestamp":"2025-07-31T20:18:35.772Z"}
{"level":"error","message":"Login first to access this resource.","timestamp":"2025-07-31T20:18:35.776Z"}
{"level":"error","message":"Login first to access this resource.","timestamp":"2025-07-31T20:18:35.781Z"}
{"level":"error","message":"Login first to access this resource.","timestamp":"2025-07-31T20:18:37.297Z"}
{"level":"error","message":"Login first to access this resource.","timestamp":"2025-07-31T20:18:37.300Z"}
{"level":"error","message":"Login first to access this resource.","timestamp":"2025-07-31T20:18:37.303Z"}
{"level":"error","message":"Login first to access this resource.","timestamp":"2025-07-31T20:18:37.311Z"}
{"level":"error","message":"Login first to access this resource.","timestamp":"2025-07-31T20:18:37.313Z"}
{"level":"error","message":"Login first to access this resource.","timestamp":"2025-07-31T20:18:37.314Z"}
{"level":"error","message":"Login first to access this resource.","timestamp":"2025-07-31T20:18:38.780Z"}
{"level":"error","message":"Login first to access this resource.","timestamp":"2025-07-31T20:18:38.782Z"}
{"level":"error","message":"Login first to access this resource.","timestamp":"2025-07-31T20:18:38.785Z"}
{"level":"error","message":"Login first to access this resource.","timestamp":"2025-07-31T20:18:38.791Z"}
{"level":"error","message":"Login first to access this resource.","timestamp":"2025-07-31T20:18:38.794Z"}
{"level":"error","message":"Login first to access this resource.","timestamp":"2025-07-31T20:18:38.796Z"}
{"level":"error","message":"Login first to access this resource.","timestamp":"2025-07-31T20:18:40.263Z"}
{"level":"error","message":"Login first to access this resource.","timestamp":"2025-07-31T20:18:40.267Z"}
{"level":"error","message":"Login first to access this resource.","timestamp":"2025-07-31T20:18:40.270Z"}
{"level":"error","message":"Login first to access this resource.","timestamp":"2025-07-31T20:18:40.277Z"}
{"level":"error","message":"Login first to access this resource.","timestamp":"2025-07-31T20:18:40.279Z"}
{"level":"error","message":"Login first to access this resource.","timestamp":"2025-07-31T20:18:40.281Z"}
{"level":"error","message":"Login first to access this resource.","timestamp":"2025-07-31T20:18:41.836Z"}
{"level":"error","message":"Login first to access this resource.","timestamp":"2025-07-31T20:18:41.840Z"}
{"level":"error","message":"Login first to access this resource.","timestamp":"2025-07-31T20:18:41.844Z"}
{"level":"error","message":"Login first to access this resource.","timestamp":"2025-07-31T20:18:41.853Z"}
{"level":"error","message":"Login first to access this resource.","timestamp":"2025-07-31T20:18:41.857Z"}
{"level":"error","message":"Login first to access this resource.","timestamp":"2025-07-31T20:18:41.859Z"}
{"level":"error","message":"Login first to access this resource.","timestamp":"2025-07-31T20:18:43.759Z"}
{"level":"error","message":"Login first to access this resource.","timestamp":"2025-07-31T20:18:43.761Z"}
{"level":"error","message":"Login first to access this resource.","timestamp":"2025-07-31T20:18:43.763Z"}
{"level":"error","message":"Login first to access this resource.","timestamp":"2025-07-31T20:18:43.767Z"}
{"level":"error","message":"Login first to access this resource.","timestamp":"2025-07-31T20:18:43.770Z"}
{"level":"error","message":"Login first to access this resource.","timestamp":"2025-07-31T20:18:43.772Z"}
{"level":"error","message":"Login first to access this resource.","timestamp":"2025-07-31T20:18:45.256Z"}
{"level":"error","message":"Login first to access this resource.","timestamp":"2025-07-31T20:18:45.259Z"}
{"level":"error","message":"Login first to access this resource.","timestamp":"2025-07-31T20:18:45.260Z"}
{"level":"error","message":"Login first to access this resource.","timestamp":"2025-07-31T20:18:45.265Z"}
{"level":"error","message":"Login first to access this resource.","timestamp":"2025-07-31T20:18:45.268Z"}
{"level":"error","message":"Login first to access this resource.","timestamp":"2025-07-31T20:18:45.269Z"}
{"level":"error","message":"Login first to access this resource.","timestamp":"2025-07-31T20:18:46.755Z"}
{"level":"error","message":"Login first to access this resource.","timestamp":"2025-07-31T20:18:46.757Z"}
{"level":"error","message":"Login first to access this resource.","timestamp":"2025-07-31T20:18:46.758Z"}
{"level":"error","message":"Login first to access this resource.","timestamp":"2025-07-31T20:18:46.765Z"}
{"level":"error","message":"Login first to access this resource.","timestamp":"2025-07-31T20:18:46.767Z"}
{"level":"error","message":"Login first to access this resource.","timestamp":"2025-07-31T20:18:46.769Z"}
{"level":"error","message":"Login first to access this resource.","timestamp":"2025-07-31T20:18:48.447Z"}
{"level":"error","message":"Login first to access this resource.","timestamp":"2025-07-31T20:18:48.448Z"}
{"level":"error","message":"Login first to access this resource.","timestamp":"2025-07-31T20:18:48.450Z"}
{"level":"error","message":"Login first to access this resource.","timestamp":"2025-07-31T20:18:48.456Z"}
{"level":"error","message":"Login first to access this resource.","timestamp":"2025-07-31T20:18:48.458Z"}
{"level":"error","message":"Login first to access this resource.","timestamp":"2025-07-31T20:18:48.459Z"}
{"level":"error","message":"Login first to access this resource.","timestamp":"2025-07-31T20:18:50.751Z"}
{"level":"error","message":"Login first to access this resource.","timestamp":"2025-07-31T20:18:50.753Z"}
{"level":"error","message":"Login first to access this resource.","timestamp":"2025-07-31T20:18:50.756Z"}
{"level":"error","message":"Login first to access this resource.","timestamp":"2025-07-31T20:18:50.764Z"}
{"level":"error","message":"Login first to access this resource.","timestamp":"2025-07-31T20:18:50.765Z"}
{"level":"error","message":"Login first to access this resource.","timestamp":"2025-07-31T20:18:50.767Z"}
{"level":"error","message":"Login first to access this resource.","timestamp":"2025-07-31T20:18:53.192Z"}
{"level":"error","message":"Login first to access this resource.","timestamp":"2025-07-31T20:18:53.204Z"}
{"level":"error","message":"Login first to access this resource.","timestamp":"2025-07-31T20:18:53.213Z"}
{"level":"error","message":"Login first to access this resource.","timestamp":"2025-07-31T20:18:53.218Z"}
{"level":"error","message":"Login first to access this resource.","timestamp":"2025-07-31T20:18:53.231Z"}
{"level":"error","message":"Login first to access this resource.","timestamp":"2025-07-31T20:18:53.236Z"}
{"level":"error","message":"Login first to access this resource.","timestamp":"2025-07-31T20:18:55.665Z"}
{"level":"error","message":"Login first to access this resource.","timestamp":"2025-07-31T20:18:55.667Z"}
{"level":"error","message":"Login first to access this resource.","timestamp":"2025-07-31T20:18:55.671Z"}
{"level":"error","message":"Login first to access this resource.","timestamp":"2025-07-31T20:18:55.676Z"}
{"level":"error","message":"Login first to access this resource.","timestamp":"2025-07-31T20:18:55.679Z"}
{"level":"error","message":"Login first to access this resource.","timestamp":"2025-07-31T20:18:55.682Z"}
{"level":"error","message":"Login first to access this resource.","timestamp":"2025-07-31T20:18:58.066Z"}
{"level":"error","message":"Login first to access this resource.","timestamp":"2025-07-31T20:18:58.068Z"}
{"level":"error","message":"Login first to access this resource.","timestamp":"2025-07-31T20:18:58.071Z"}
{"level":"error","message":"Login first to access this resource.","timestamp":"2025-07-31T20:18:58.074Z"}
{"level":"error","message":"Login first to access this resource.","timestamp":"2025-07-31T20:18:58.078Z"}
{"level":"error","message":"Login first to access this resource.","timestamp":"2025-07-31T20:18:58.080Z"}
{"level":"error","message":"Login first to access this resource.","timestamp":"2025-07-31T20:19:00.338Z"}
{"level":"error","message":"Login first to access this resource.","timestamp":"2025-07-31T20:19:00.339Z"}
{"level":"error","message":"Login first to access this resource.","timestamp":"2025-07-31T20:19:00.341Z"}
{"level":"error","message":"Login first to access this resource.","timestamp":"2025-07-31T20:19:00.354Z"}
{"level":"error","message":"Login first to access this resource.","timestamp":"2025-07-31T20:19:00.356Z"}
{"level":"error","message":"Login first to access this resource.","timestamp":"2025-07-31T20:19:00.360Z"}
{"level":"error","message":"Login first to access this resource.","timestamp":"2025-07-31T20:19:02.874Z"}
{"level":"error","message":"Login first to access this resource.","timestamp":"2025-07-31T20:19:02.879Z"}
{"level":"error","message":"Login first to access this resource.","timestamp":"2025-07-31T20:19:02.881Z"}
{"level":"error","message":"Login first to access this resource.","timestamp":"2025-07-31T20:19:02.889Z"}
{"level":"error","message":"Login first to access this resource.","timestamp":"2025-07-31T20:19:02.891Z"}
{"level":"error","message":"Login first to access this resource.","timestamp":"2025-07-31T20:19:02.893Z"}
{"level":"error","message":"Login first to access this resource.","timestamp":"2025-07-31T20:19:06.671Z"}
{"level":"error","message":"Login first to access this resource.","timestamp":"2025-07-31T20:19:06.673Z"}
{"level":"error","message":"Login first to access this resource.","timestamp":"2025-07-31T20:19:06.677Z"}
{"level":"error","message":"Login first to access this resource.","timestamp":"2025-07-31T20:19:06.686Z"}
{"level":"error","message":"Login first to access this resource.","timestamp":"2025-07-31T20:19:06.688Z"}
{"level":"error","message":"Login first to access this resource.","timestamp":"2025-07-31T20:19:06.691Z"}
{"level":"error","message":"Login first to access this resource.","timestamp":"2025-07-31T20:19:09.035Z"}
{"level":"error","message":"Login first to access this resource.","timestamp":"2025-07-31T20:19:09.038Z"}
{"level":"error","message":"Login first to access this resource.","timestamp":"2025-07-31T20:19:09.039Z"}
{"level":"error","message":"Login first to access this resource.","timestamp":"2025-07-31T20:19:09.046Z"}
{"level":"error","message":"Login first to access this resource.","timestamp":"2025-07-31T20:19:09.048Z"}
{"level":"error","message":"Login first to access this resource.","timestamp":"2025-07-31T20:19:09.052Z"}
{"level":"error","message":"Login first to access this resource.","timestamp":"2025-07-31T20:19:12.752Z"}
{"level":"error","message":"Login first to access this resource.","timestamp":"2025-07-31T20:19:12.755Z"}
{"level":"error","message":"Login first to access this resource.","timestamp":"2025-07-31T20:19:12.757Z"}
{"level":"error","message":"Login first to access this resource.","timestamp":"2025-07-31T20:19:12.767Z"}
{"level":"error","message":"Login first to access this resource.","timestamp":"2025-07-31T20:19:12.769Z"}
{"level":"error","message":"Login first to access this resource.","timestamp":"2025-07-31T20:19:12.774Z"}
{"level":"error","message":"Login first to access this resource.","timestamp":"2025-07-31T20:19:15.313Z"}
{"level":"error","message":"Login first to access this resource.","timestamp":"2025-07-31T20:19:15.316Z"}
{"level":"error","message":"Login first to access this resource.","timestamp":"2025-07-31T20:19:15.317Z"}
{"level":"error","message":"Login first to access this resource.","timestamp":"2025-07-31T20:19:15.324Z"}
{"level":"error","message":"Login first to access this resource.","timestamp":"2025-07-31T20:19:15.329Z"}
{"level":"error","message":"Login first to access this resource.","timestamp":"2025-07-31T20:19:15.331Z"}
{"level":"error","message":"Login first to access this resource.","timestamp":"2025-07-31T20:19:17.572Z"}
{"level":"error","message":"Login first to access this resource.","timestamp":"2025-07-31T20:19:17.575Z"}
{"level":"error","message":"Login first to access this resource.","timestamp":"2025-07-31T20:19:17.577Z"}
{"level":"error","message":"Login first to access this resource.","timestamp":"2025-07-31T20:19:17.584Z"}
{"level":"error","message":"Login first to access this resource.","timestamp":"2025-07-31T20:19:17.587Z"}
{"level":"error","message":"Login first to access this resource.","timestamp":"2025-07-31T20:19:17.589Z"}
{"level":"error","message":"Login first to access this resource.","timestamp":"2025-07-31T20:19:19.387Z"}
{"level":"error","message":"Login first to access this resource.","timestamp":"2025-07-31T20:19:19.390Z"}
{"level":"error","message":"Login first to access this resource.","timestamp":"2025-07-31T20:19:19.392Z"}
{"level":"error","message":"Login first to access this resource.","timestamp":"2025-07-31T20:19:19.397Z"}
{"level":"error","message":"Login first to access this resource.","timestamp":"2025-07-31T20:19:19.400Z"}
{"level":"error","message":"Login first to access this resource.","timestamp":"2025-07-31T20:19:19.402Z"}
{"level":"error","message":"Login first to access this resource.","timestamp":"2025-07-31T20:19:21.290Z"}
{"level":"error","message":"Login first to access this resource.","timestamp":"2025-07-31T20:19:21.297Z"}
{"level":"error","message":"Login first to access this resource.","timestamp":"2025-07-31T20:19:21.299Z"}
{"level":"error","message":"Login first to access this resource.","timestamp":"2025-07-31T20:19:21.304Z"}
{"level":"error","message":"Login first to access this resource.","timestamp":"2025-07-31T20:19:21.309Z"}
{"level":"error","message":"Login first to access this resource.","timestamp":"2025-07-31T20:19:21.321Z"}
{"level":"error","message":"Login first to access this resource.","timestamp":"2025-07-31T20:19:23.240Z"}
{"level":"error","message":"Login first to access this resource.","timestamp":"2025-07-31T20:19:23.243Z"}
{"level":"error","message":"Login first to access this resource.","timestamp":"2025-07-31T20:19:23.244Z"}
{"level":"error","message":"Login first to access this resource.","timestamp":"2025-07-31T20:19:23.249Z"}
{"level":"error","message":"Login first to access this resource.","timestamp":"2025-07-31T20:19:23.252Z"}
{"level":"error","message":"Login first to access this resource.","timestamp":"2025-07-31T20:19:23.255Z"}
{"level":"error","message":"Login first to access this resource.","timestamp":"2025-07-31T20:19:25.148Z"}
{"level":"error","message":"Login first to access this resource.","timestamp":"2025-07-31T20:19:25.151Z"}
{"level":"error","message":"Login first to access this resource.","timestamp":"2025-07-31T20:19:25.153Z"}
{"level":"error","message":"Login first to access this resource.","timestamp":"2025-07-31T20:19:25.161Z"}
{"level":"error","message":"Login first to access this resource.","timestamp":"2025-07-31T20:19:25.163Z"}
{"level":"error","message":"Login first to access this resource.","timestamp":"2025-07-31T20:19:25.164Z"}
{"level":"error","message":"Login first to access this resource.","timestamp":"2025-07-31T20:19:26.986Z"}
{"level":"error","message":"Login first to access this resource.","timestamp":"2025-07-31T20:19:26.994Z"}
{"level":"error","message":"Login first to access this resource.","timestamp":"2025-07-31T20:19:26.997Z"}
{"level":"error","message":"Login first to access this resource.","timestamp":"2025-07-31T20:19:26.998Z"}
{"level":"error","message":"Login first to access this resource.","timestamp":"2025-07-31T20:19:27.006Z"}
{"level":"error","message":"Login first to access this resource.","timestamp":"2025-07-31T20:19:27.011Z"}
{"level":"error","message":"Login first to access this resource.","timestamp":"2025-07-31T20:19:28.669Z"}
{"level":"error","message":"Login first to access this resource.","timestamp":"2025-07-31T20:19:28.672Z"}
{"level":"error","message":"Login first to access this resource.","timestamp":"2025-07-31T20:19:28.676Z"}
{"level":"error","message":"Login first to access this resource.","timestamp":"2025-07-31T20:19:28.682Z"}
{"level":"error","message":"Login first to access this resource.","timestamp":"2025-07-31T20:19:28.685Z"}
{"level":"error","message":"Login first to access this resource.","timestamp":"2025-07-31T20:19:28.689Z"}
{"level":"error","message":"Login first to access this resource.","timestamp":"2025-07-31T20:19:30.329Z"}
{"level":"error","message":"Login first to access this resource.","timestamp":"2025-07-31T20:19:30.333Z"}
{"level":"error","message":"Login first to access this resource.","timestamp":"2025-07-31T20:19:30.334Z"}
{"level":"error","message":"Login first to access this resource.","timestamp":"2025-07-31T20:19:30.338Z"}
{"level":"error","message":"Login first to access this resource.","timestamp":"2025-07-31T20:19:30.343Z"}
{"level":"error","message":"Login first to access this resource.","timestamp":"2025-07-31T20:19:30.345Z"}
{"level":"error","message":"Login first to access this resource.","timestamp":"2025-07-31T20:19:32.001Z"}
{"level":"error","message":"Login first to access this resource.","timestamp":"2025-07-31T20:19:32.003Z"}
{"level":"error","message":"Login first to access this resource.","timestamp":"2025-07-31T20:19:32.007Z"}
{"level":"error","message":"Login first to access this resource.","timestamp":"2025-07-31T20:19:32.018Z"}
{"level":"error","message":"Login first to access this resource.","timestamp":"2025-07-31T20:19:32.022Z"}
{"level":"error","message":"Login first to access this resource.","timestamp":"2025-07-31T20:19:32.027Z"}
{"level":"error","message":"Login first to access this resource.","timestamp":"2025-07-31T20:19:33.932Z"}
{"level":"error","message":"Login first to access this resource.","timestamp":"2025-07-31T20:19:33.934Z"}
{"level":"error","message":"Login first to access this resource.","timestamp":"2025-07-31T20:19:33.936Z"}
{"level":"error","message":"Login first to access this resource.","timestamp":"2025-07-31T20:19:33.941Z"}
{"level":"error","message":"Login first to access this resource.","timestamp":"2025-07-31T20:19:33.943Z"}
{"level":"error","message":"Login first to access this resource.","timestamp":"2025-07-31T20:19:33.945Z"}
{"level":"error","message":"Login first to access this resource.","timestamp":"2025-07-31T20:19:35.932Z"}
{"level":"error","message":"Login first to access this resource.","timestamp":"2025-07-31T20:19:35.934Z"}
{"level":"error","message":"Login first to access this resource.","timestamp":"2025-07-31T20:19:35.936Z"}
{"level":"error","message":"Login first to access this resource.","timestamp":"2025-07-31T20:19:35.945Z"}
{"level":"error","message":"Login first to access this resource.","timestamp":"2025-07-31T20:19:35.947Z"}
{"level":"error","message":"Login first to access this resource.","timestamp":"2025-07-31T20:19:35.949Z"}
{"level":"error","message":"Login first to access this resource.","timestamp":"2025-07-31T20:19:38.163Z"}
{"level":"error","message":"Login first to access this resource.","timestamp":"2025-07-31T20:19:38.166Z"}
{"level":"error","message":"Login first to access this resource.","timestamp":"2025-07-31T20:19:38.167Z"}
{"level":"error","message":"Login first to access this resource.","timestamp":"2025-07-31T20:19:38.172Z"}
{"level":"error","message":"Login first to access this resource.","timestamp":"2025-07-31T20:19:38.175Z"}
{"level":"error","message":"Login first to access this resource.","timestamp":"2025-07-31T20:19:38.176Z"}
{"level":"error","message":"Login first to access this resource.","timestamp":"2025-07-31T20:19:40.259Z"}
{"level":"error","message":"Login first to access this resource.","timestamp":"2025-07-31T20:19:40.261Z"}
{"level":"error","message":"Login first to access this resource.","timestamp":"2025-07-31T20:19:40.263Z"}
{"level":"error","message":"Login first to access this resource.","timestamp":"2025-07-31T20:19:40.270Z"}
{"level":"error","message":"Login first to access this resource.","timestamp":"2025-07-31T20:19:40.273Z"}
{"level":"error","message":"Login first to access this resource.","timestamp":"2025-07-31T20:19:40.275Z"}
{"level":"error","message":"Login first to access this resource.","timestamp":"2025-07-31T20:19:42.389Z"}
{"level":"error","message":"Login first to access this resource.","timestamp":"2025-07-31T20:19:42.391Z"}
{"level":"error","message":"Login first to access this resource.","timestamp":"2025-07-31T20:19:42.392Z"}
{"level":"error","message":"Login first to access this resource.","timestamp":"2025-07-31T20:19:42.399Z"}
{"level":"error","message":"Login first to access this resource.","timestamp":"2025-07-31T20:19:42.403Z"}
{"level":"error","message":"Login first to access this resource.","timestamp":"2025-07-31T20:19:42.405Z"}
{"level":"error","message":"Login first to access this resource.","timestamp":"2025-07-31T20:19:44.266Z"}
{"level":"error","message":"Login first to access this resource.","timestamp":"2025-07-31T20:19:44.268Z"}
{"level":"error","message":"Login first to access this resource.","timestamp":"2025-07-31T20:19:44.272Z"}
{"level":"error","message":"Login first to access this resource.","timestamp":"2025-07-31T20:19:44.278Z"}
{"level":"error","message":"Login first to access this resource.","timestamp":"2025-07-31T20:19:44.280Z"}
{"level":"error","message":"Login first to access this resource.","timestamp":"2025-07-31T20:19:44.282Z"}
{"level":"error","message":"Login first to access this resource.","timestamp":"2025-07-31T20:19:46.337Z"}
{"level":"error","message":"Login first to access this resource.","timestamp":"2025-07-31T20:19:46.339Z"}
{"level":"error","message":"Login first to access this resource.","timestamp":"2025-07-31T20:19:46.340Z"}
{"level":"error","message":"Login first to access this resource.","timestamp":"2025-07-31T20:19:46.349Z"}
{"level":"error","message":"Login first to access this resource.","timestamp":"2025-07-31T20:19:46.352Z"}
{"level":"error","message":"Login first to access this resource.","timestamp":"2025-07-31T20:19:46.355Z"}
{"level":"error","message":"Login first to access this resource.","timestamp":"2025-07-31T20:19:48.275Z"}
{"level":"error","message":"Login first to access this resource.","timestamp":"2025-07-31T20:19:48.277Z"}
{"level":"error","message":"Login first to access this resource.","timestamp":"2025-07-31T20:19:48.279Z"}
{"level":"error","message":"Login first to access this resource.","timestamp":"2025-07-31T20:19:48.287Z"}
{"level":"error","message":"Login first to access this resource.","timestamp":"2025-07-31T20:19:48.289Z"}
{"level":"error","message":"Login first to access this resource.","timestamp":"2025-07-31T20:19:48.291Z"}
{"level":"error","message":"Login first to access this resource.","timestamp":"2025-07-31T20:19:51.300Z"}
{"level":"error","message":"Login first to access this resource.","timestamp":"2025-07-31T20:19:51.306Z"}
{"level":"error","message":"Login first to access this resource.","timestamp":"2025-07-31T20:19:51.310Z"}
{"level":"error","message":"Login first to access this resource.","timestamp":"2025-07-31T20:19:51.319Z"}
{"level":"error","message":"Login first to access this resource.","timestamp":"2025-07-31T20:19:51.321Z"}
{"level":"error","message":"Login first to access this resource.","timestamp":"2025-07-31T20:19:51.326Z"}
{"level":"error","message":"Login first to access this resource.","timestamp":"2025-07-31T20:19:54.144Z"}
{"level":"error","message":"Login first to access this resource.","timestamp":"2025-07-31T20:19:54.147Z"}
{"level":"error","message":"Login first to access this resource.","timestamp":"2025-07-31T20:19:54.152Z"}
{"level":"error","message":"Login first to access this resource.","timestamp":"2025-07-31T20:19:54.163Z"}
{"level":"error","message":"Login first to access this resource.","timestamp":"2025-07-31T20:19:54.165Z"}
{"level":"error","message":"Login first to access this resource.","timestamp":"2025-07-31T20:19:54.168Z"}
{"level":"error","message":"Login first to access this resource.","timestamp":"2025-07-31T20:19:57.129Z"}
{"level":"error","message":"Login first to access this resource.","timestamp":"2025-07-31T20:19:57.131Z"}
{"level":"error","message":"Login first to access this resource.","timestamp":"2025-07-31T20:19:57.133Z"}
{"level":"error","message":"Login first to access this resource.","timestamp":"2025-07-31T20:19:57.142Z"}
{"level":"error","message":"Login first to access this resource.","timestamp":"2025-07-31T20:19:57.144Z"}
{"level":"error","message":"Login first to access this resource.","timestamp":"2025-07-31T20:19:57.146Z"}
{"level":"error","message":"Login first to access this resource.","timestamp":"2025-07-31T20:19:59.984Z"}
{"level":"error","message":"Login first to access this resource.","timestamp":"2025-07-31T20:19:59.986Z"}
{"level":"error","message":"Login first to access this resource.","timestamp":"2025-07-31T20:19:59.990Z"}
{"level":"error","message":"Login first to access this resource.","timestamp":"2025-07-31T20:20:00.002Z"}
{"level":"error","message":"Login first to access this resource.","timestamp":"2025-07-31T20:20:00.014Z"}
{"level":"error","message":"Login first to access this resource.","timestamp":"2025-07-31T20:20:00.046Z"}
{"level":"error","message":"Login first to access this resource.","timestamp":"2025-07-31T20:20:02.764Z"}
{"level":"error","message":"Login first to access this resource.","timestamp":"2025-07-31T20:20:02.766Z"}
{"level":"error","message":"Login first to access this resource.","timestamp":"2025-07-31T20:20:02.767Z"}
{"level":"error","message":"Login first to access this resource.","timestamp":"2025-07-31T20:20:02.775Z"}
{"level":"error","message":"Login first to access this resource.","timestamp":"2025-07-31T20:20:02.787Z"}
{"level":"error","message":"Login first to access this resource.","timestamp":"2025-07-31T20:20:02.792Z"}
{"level":"error","message":"Login first to access this resource.","timestamp":"2025-07-31T20:20:07.689Z"}
{"level":"error","message":"Login first to access this resource.","timestamp":"2025-07-31T20:20:07.698Z"}
{"level":"error","message":"Login first to access this resource.","timestamp":"2025-07-31T20:20:07.699Z"}
{"level":"error","message":"Login first to access this resource.","timestamp":"2025-07-31T20:20:07.703Z"}
{"level":"error","message":"Login first to access this resource.","timestamp":"2025-07-31T20:20:07.709Z"}
{"level":"error","message":"Login first to access this resource.","timestamp":"2025-07-31T20:20:07.712Z"}
