{"level":"error","message":"\"callToAction.link\" is not allowed to be empty","timestamp":"2025-08-02T23:04:38.799Z"}
{"level":"error","message":"\"callToAction.link\" is not allowed to be empty","timestamp":"2025-08-02T23:22:22.195Z"}
{"level":"error","message":"\"postMetadata.timeRequired\" is not allowed to be empty","timestamp":"2025-08-02T23:34:04.167Z"}
{"level":"error","message":"\"scheduledFor\" must be in ISO 8601 date format","timestamp":"2025-08-02T23:38:44.028Z"}
{"level":"error","message":"\"callToAction.text\" is not allowed to be empty","timestamp":"2025-08-02T23:42:15.869Z"}
{"level":"error","message":"\"author\" is not allowed","timestamp":"2025-08-02T23:49:37.013Z"}
{"level":"error","message":"No valid images were uploaded","timestamp":"2025-08-02T23:51:30.573Z"}
{"level":"error","message":"No valid images were uploaded","timestamp":"2025-08-02T23:54:11.341Z"}
{"level":"error","message":"No valid images were uploaded","timestamp":"2025-08-02T23:56:18.536Z"}
{"level":"error","message":"No valid images were uploaded","timestamp":"2025-08-02T23:56:46.130Z"}
{"level":"error","message":"No valid images were uploaded","timestamp":"2025-08-02T23:58:29.303Z"}
{"level":"error","message":"No valid images were uploaded","timestamp":"2025-08-03T00:00:18.052Z"}
{"level":"error","message":"No valid images were uploaded","timestamp":"2025-08-03T00:09:15.454Z"}
{"level":"error","message":"No valid images were uploaded","timestamp":"2025-08-03T00:10:20.667Z"}
{"level":"error","message":"No valid images were uploaded","timestamp":"2025-08-03T00:11:17.816Z"}
{"level":"error","message":"No file provided for upload","timestamp":"2025-08-03T00:14:42.399Z"}
{"level":"error","message":"No file provided for upload","timestamp":"2025-08-03T00:16:27.650Z"}
{"level":"error","message":"No file provided for upload","timestamp":"2025-08-03T00:17:05.671Z"}
{"level":"error","message":"No file provided for upload","timestamp":"2025-08-03T00:18:44.796Z"}
{"level":"error","message":"Categories must be an array","timestamp":"2025-08-03T00:46:54.970Z"}
{"level":"error","message":"Error creating post","timestamp":"2025-08-03T00:47:12.383Z"}
{"level":"error","message":"Error creating post","timestamp":"2025-08-03T00:52:48.048Z"}
{"level":"error","message":"Error creating post","timestamp":"2025-08-03T00:58:45.022Z"}
{"level":"error","message":"Error creating post","timestamp":"2025-08-03T01:06:35.293Z"}
{"level":"error","message":"Error creating post","timestamp":"2025-08-03T01:13:28.230Z"}
{"level":"error","message":"Error creating post","timestamp":"2025-08-03T01:15:49.527Z"}
{"level":"error","message":"Cast to Number failed for value \"{}\" (type Object) at path \"price\" for model \"Product\"","timestamp":"2025-08-03T02:29:53.518Z"}
{"level":"error","message":"Cast to Number failed for value \"{}\" (type Object) at path \"price\" for model \"Product\"","timestamp":"2025-08-03T02:29:57.982Z"}
{"level":"error","message":"Cast to Number failed for value \"{}\" (type Object) at path \"price\" for model \"Product\"","timestamp":"2025-08-03T02:30:09.245Z"}
{"level":"error","message":"Cast to Number failed for value \"{}\" (type Object) at path \"price\" for model \"Product\"","timestamp":"2025-08-03T02:30:17.377Z"}
{"level":"error","message":"Cast to Number failed for value \"{}\" (type Object) at path \"price\" for model \"Product\"","timestamp":"2025-08-03T02:30:21.239Z"}
{"level":"error","message":"Error fetching posts","timestamp":"2025-08-03T02:30:36.859Z"}
{"level":"error","message":"Error fetching posts","timestamp":"2025-08-03T02:30:36.875Z"}
{"level":"error","message":"Error fetching posts","timestamp":"2025-08-03T02:30:37.166Z"}
{"level":"error","message":"Error fetching posts","timestamp":"2025-08-03T02:30:37.177Z"}
{"level":"error","message":"Error fetching posts","timestamp":"2025-08-03T02:30:41.597Z"}
{"level":"error","message":"Error fetching posts","timestamp":"2025-08-03T02:30:41.609Z"}
{"level":"error","message":"Error fetching posts","timestamp":"2025-08-03T02:30:41.621Z"}
{"level":"error","message":"Error fetching posts","timestamp":"2025-08-03T02:31:01.689Z"}
{"level":"error","message":"Error fetching posts","timestamp":"2025-08-03T02:31:27.103Z"}
{"level":"error","message":"Cast to Number failed for value \"{}\" (type Object) at path \"price\" for model \"Product\"","timestamp":"2025-08-03T02:34:25.232Z"}
{"level":"error","message":"Cast to Number failed for value \"{}\" (type Object) at path \"price\" for model \"Product\"","timestamp":"2025-08-03T02:34:25.241Z"}
{"level":"error","message":"Cast to Number failed for value \"{}\" (type Object) at path \"price\" for model \"Product\"","timestamp":"2025-08-03T02:35:15.643Z"}
{"level":"error","message":"Cast to Number failed for value \"{}\" (type Object) at path \"price\" for model \"Product\"","timestamp":"2025-08-03T02:35:15.652Z"}
{"level":"error","message":"Cast to Number failed for value \"{}\" (type Object) at path \"price\" for model \"Product\"","timestamp":"2025-08-03T02:35:19.072Z"}
{"level":"error","message":"Cast to Number failed for value \"{}\" (type Object) at path \"price\" for model \"Product\"","timestamp":"2025-08-03T02:35:19.255Z"}
{"level":"error","message":"Cast to Number failed for value \"{}\" (type Object) at path \"price\" for model \"Product\"","timestamp":"2025-08-03T02:35:19.395Z"}
{"level":"error","message":"Cast to Number failed for value \"{}\" (type Object) at path \"price\" for model \"Product\"","timestamp":"2025-08-03T02:35:19.544Z"}
{"level":"error","message":"Cast to Number failed for value \"{}\" (type Object) at path \"price\" for model \"Product\"","timestamp":"2025-08-03T02:35:21.753Z"}
{"level":"error","message":"Cast to Number failed for value \"{}\" (type Object) at path \"price\" for model \"Product\"","timestamp":"2025-08-03T02:35:24.763Z"}
{"level":"error","message":"Cast to Number failed for value \"{}\" (type Object) at path \"price\" for model \"Product\"","timestamp":"2025-08-03T02:35:28.896Z"}
{"level":"error","message":"Cast to Number failed for value \"{}\" (type Object) at path \"price\" for model \"Product\"","timestamp":"2025-08-03T02:35:29.616Z"}
{"level":"error","message":"Cast to Number failed for value \"{}\" (type Object) at path \"price\" for model \"Product\"","timestamp":"2025-08-03T02:35:29.984Z"}
{"level":"error","message":"Cast to Number failed for value \"{}\" (type Object) at path \"price\" for model \"Product\"","timestamp":"2025-08-03T02:35:30.237Z"}
{"level":"error","message":"Error fetching posts","timestamp":"2025-08-03T02:36:34.238Z"}
{"level":"error","message":"Error fetching posts","timestamp":"2025-08-03T02:36:34.287Z"}
{"level":"error","message":"Error fetching posts","timestamp":"2025-08-03T02:36:34.314Z"}
{"level":"error","message":"Error fetching posts","timestamp":"2025-08-03T02:36:34.335Z"}
{"level":"error","message":"Cast to ObjectId failed for value \"all\" (type string) at path \"category\" for model \"Service\"","timestamp":"2025-08-03T02:37:10.187Z"}
{"level":"error","message":"Error fetching posts","timestamp":"2025-08-03T02:51:54.635Z"}
{"level":"error","message":"Error fetching posts","timestamp":"2025-08-03T02:51:54.655Z"}
{"level":"error","message":"Error fetching posts","timestamp":"2025-08-03T02:51:55.002Z"}
{"level":"error","message":"Error fetching posts","timestamp":"2025-08-03T02:51:55.015Z"}
{"level":"error","message":"Invalid or expired token.","timestamp":"2025-08-03T09:11:30.277Z"}
{"level":"error","message":"getaddrinfo ENOTFOUND ac-st5dkat-shard-00-02.2cqrvds.mongodb.net","timestamp":"2025-08-03T09:11:30.305Z"}
{"level":"error","message":"Invalid or expired token.","timestamp":"2025-08-03T09:11:30.313Z"}
{"level":"error","message":"getaddrinfo ENOTFOUND ac-st5dkat-shard-00-02.2cqrvds.mongodb.net","timestamp":"2025-08-03T09:11:30.329Z"}
{"level":"error","message":"Invalid or expired token.","timestamp":"2025-08-03T09:11:30.339Z"}
{"level":"error","message":"Invalid or expired token.","timestamp":"2025-08-03T09:11:50.311Z"}
{"level":"error","message":"getaddrinfo ENOTFOUND ac-st5dkat-shard-00-02.2cqrvds.mongodb.net","timestamp":"2025-08-03T09:12:00.372Z"}
{"level":"error","message":"Invalid or expired token.","timestamp":"2025-08-03T09:12:00.374Z"}
{"level":"error","message":"getaddrinfo ENOTFOUND ac-st5dkat-shard-00-02.2cqrvds.mongodb.net","timestamp":"2025-08-03T09:12:00.375Z"}
{"level":"error","message":"Invalid or expired token.","timestamp":"2025-08-03T09:12:00.378Z"}
{"level":"error","message":"Invalid or expired token.","timestamp":"2025-08-03T09:12:00.380Z"}
{"level":"error","message":"getaddrinfo ENOTFOUND ac-st5dkat-shard-00-02.2cqrvds.mongodb.net","timestamp":"2025-08-03T09:12:00.717Z"}
{"level":"error","message":"Failed to check payment status: Failed to check payment status","timestamp":"2025-08-03T18:50:44.301Z"}
{"level":"error","message":"Failed to check payment status: Failed to check payment status","timestamp":"2025-08-03T18:50:44.794Z"}
{"level":"error","message":"Failed to check payment status: Failed to check payment status","timestamp":"2025-08-03T19:00:59.239Z"}
{"level":"error","message":"Failed to check payment status: Failed to check payment status","timestamp":"2025-08-03T19:03:37.474Z"}
{"level":"error","message":"Failed to check payment status: Failed to check payment status","timestamp":"2025-08-03T19:36:35.264Z"}
{"level":"error","message":"Failed to check payment status: Failed to check payment status","timestamp":"2025-08-03T19:36:35.825Z"}
{"detail":"You do not have permission to perform this action.","level":"error","message":"Error checking payment status:","timestamp":"2025-08-03T20:04:47.047Z"}
{"level":"error","message":"Failed to check payment status: Failed to check payment status","timestamp":"2025-08-03T20:04:47.054Z"}
{"detail":"You do not have permission to perform this action.","level":"error","message":"Error checking payment status:","timestamp":"2025-08-03T20:06:57.401Z"}
{"level":"error","message":"Polling error for payment of this order... 87c04ee6-0dfe-4bdd-8a92-43e7ef5c3bc9: Failed to check payment status","stack":"Error: Failed to check payment status\n    at CampayService.checkPaymentStatus (D:\\Projects\\braid_commerce\\backend\\src\\services\\campay.js:81:13)\n    at process.processTicksAndRejections (node:internal/process/task_queues:105:5)\n    at async Timeout.poll [as _onTimeout] (D:\\Projects\\braid_commerce\\backend\\src\\sockets\\payment.js:28:30)","timestamp":"2025-08-03T20:06:57.403Z"}
{"detail":"You do not have permission to perform this action.","level":"error","message":"Error checking payment status:","timestamp":"2025-08-03T20:08:56.568Z"}
{"level":"error","message":"Failed to check payment status: Failed to check payment status","timestamp":"2025-08-03T20:08:56.573Z"}
{"level":"error","message":"User not found.","timestamp":"2025-08-03T20:28:50.665Z"}
{"level":"error","message":"User not found.","timestamp":"2025-08-03T20:28:50.816Z"}
{"detail":"You do not have permission to perform this action.","level":"error","message":"Error checking payment status:","timestamp":"2025-08-03T20:40:57.338Z"}
{"level":"error","message":"Failed to check payment status: Failed to check payment status","timestamp":"2025-08-03T20:40:57.347Z"}
{"detail":"You do not have permission to perform this action.","level":"error","message":"Error checking payment status:","timestamp":"2025-08-03T22:46:30.655Z"}
{"level":"error","message":"Failed to check payment status: Failed to check payment status","timestamp":"2025-08-03T22:46:30.658Z"}
{"detail":"You do not have permission to perform this action.","level":"error","message":"Error checking payment status:","timestamp":"2025-08-03T22:47:29.872Z"}
{"level":"error","message":"Failed to check payment status: Failed to check payment status","timestamp":"2025-08-03T22:47:29.876Z"}
{"detail":"You do not have permission to perform this action.","level":"error","message":"Error checking payment status:","timestamp":"2025-08-03T22:52:31.500Z"}
{"level":"error","message":"Failed to check payment status: Failed to check payment status","timestamp":"2025-08-03T22:52:31.502Z"}
