{"level":"error","message":"\"image\" must be a string","timestamp":"2025-07-24T08:38:46.217Z"}
{"level":"error","message":"\"categoryImage\" is not allowed","timestamp":"2025-07-24T09:01:05.743Z"}
{"level":"error","message":"\"categoryImage\" is not allowed","timestamp":"2025-07-24T09:02:11.102Z"}
{"level":"error","message":"\"categoryImage\" must be a string","timestamp":"2025-07-24T09:07:34.006Z"}
{"level":"error","message":"Cast to ObjectId failed for value \"stats\" (type string) at path \"_id\" for model \"Product\"","timestamp":"2025-07-24T13:58:29.670Z"}
{"level":"error","message":"Cast to ObjectId failed for value \"stats\" (type string) at path \"_id\" for model \"Product\"","timestamp":"2025-07-24T13:58:29.689Z"}
{"level":"error","message":"Cast to ObjectId failed for value \"stats\" (type string) at path \"_id\" for model \"Product\"","timestamp":"2025-07-24T14:19:07.338Z"}
{"level":"error","message":"Cast to ObjectId failed for value \"stats\" (type string) at path \"_id\" for model \"Product\"","timestamp":"2025-07-24T14:19:07.354Z"}
{"level":"error","message":"Cast to ObjectId failed for value \"stats\" (type string) at path \"_id\" for model \"Product\"","timestamp":"2025-07-24T14:19:11.806Z"}
{"level":"error","message":"Cast to ObjectId failed for value \"stats\" (type string) at path \"_id\" for model \"Product\"","timestamp":"2025-07-24T14:19:11.822Z"}
{"level":"error","message":"Cast to ObjectId failed for value \"stats\" (type string) at path \"_id\" for model \"Product\"","timestamp":"2025-07-24T14:19:18.897Z"}
{"level":"error","message":"Cast to ObjectId failed for value \"stats\" (type string) at path \"_id\" for model \"Product\"","timestamp":"2025-07-24T14:19:18.914Z"}
{"level":"error","message":"Cast to ObjectId failed for value \"stats\" (type string) at path \"_id\" for model \"Product\"","timestamp":"2025-07-24T14:29:19.274Z"}
{"level":"error","message":"Cast to ObjectId failed for value \"stats\" (type string) at path \"_id\" for model \"Product\"","timestamp":"2025-07-24T14:29:19.294Z"}
{"level":"error","message":"Cast to ObjectId failed for value \"stats\" (type string) at path \"_id\" for model \"Product\"","timestamp":"2025-07-24T15:26:15.203Z"}
{"level":"error","message":"Cast to ObjectId failed for value \"stats\" (type string) at path \"_id\" for model \"Product\"","timestamp":"2025-07-24T15:26:15.209Z"}
{"level":"error","message":"Cast to ObjectId failed for value \"stats\" (type string) at path \"_id\" for model \"Product\"","timestamp":"2025-07-24T15:44:35.008Z"}
{"level":"error","message":"Cast to ObjectId failed for value \"stats\" (type string) at path \"_id\" for model \"Product\"","timestamp":"2025-07-24T15:44:35.022Z"}
{"level":"error","message":"Cast to ObjectId failed for value \"stats\" (type string) at path \"_id\" for model \"Product\"","timestamp":"2025-07-24T16:11:10.012Z"}
{"level":"error","message":"Cast to ObjectId failed for value \"stats\" (type string) at path \"_id\" for model \"Product\"","timestamp":"2025-07-24T16:11:10.028Z"}
{"level":"error","message":"Cast to ObjectId failed for value \"stats\" (type string) at path \"_id\" for model \"Product\"","timestamp":"2025-07-24T16:11:27.084Z"}
{"level":"error","message":"Cast to ObjectId failed for value \"stats\" (type string) at path \"_id\" for model \"Product\"","timestamp":"2025-07-24T16:11:27.094Z"}
{"level":"error","message":"Cast to ObjectId failed for value \"stats\" (type string) at path \"_id\" for model \"Product\"","timestamp":"2025-07-24T16:11:29.282Z"}
{"level":"error","message":"Cast to ObjectId failed for value \"stats\" (type string) at path \"_id\" for model \"Product\"","timestamp":"2025-07-24T16:13:47.687Z"}
{"level":"error","message":"Cast to ObjectId failed for value \"stats\" (type string) at path \"_id\" for model \"Product\"","timestamp":"2025-07-24T16:13:47.699Z"}
{"level":"error","message":"Cast to ObjectId failed for value \"stats\" (type string) at path \"_id\" for model \"Product\"","timestamp":"2025-07-24T16:14:17.392Z"}
{"level":"error","message":"Cast to ObjectId failed for value \"stats\" (type string) at path \"_id\" for model \"Product\"","timestamp":"2025-07-24T16:14:17.401Z"}
{"level":"error","message":"Cast to ObjectId failed for value \"stats\" (type string) at path \"_id\" for model \"Product\"","timestamp":"2025-07-24T16:14:37.165Z"}
{"level":"error","message":"Cast to ObjectId failed for value \"stats\" (type string) at path \"_id\" for model \"Product\"","timestamp":"2025-07-24T16:14:37.175Z"}
{"level":"error","message":"Cast to ObjectId failed for value \"stats\" (type string) at path \"_id\" for model \"Product\"","timestamp":"2025-07-24T16:18:34.221Z"}
{"level":"error","message":"Cast to ObjectId failed for value \"stats\" (type string) at path \"_id\" for model \"Product\"","timestamp":"2025-07-24T16:18:34.233Z"}
{"level":"error","message":"Cast to ObjectId failed for value \"stats\" (type string) at path \"_id\" for model \"Product\"","timestamp":"2025-07-24T16:20:03.632Z"}
{"level":"error","message":"Cast to ObjectId failed for value \"stats\" (type string) at path \"_id\" for model \"Product\"","timestamp":"2025-07-24T16:20:03.646Z"}
{"level":"error","message":"Cast to ObjectId failed for value \"stats\" (type string) at path \"_id\" for model \"Product\"","timestamp":"2025-07-24T16:20:07.300Z"}
{"level":"error","message":"Cast to ObjectId failed for value \"stats\" (type string) at path \"_id\" for model \"Product\"","timestamp":"2025-07-24T16:20:07.312Z"}
{"level":"error","message":"Cast to ObjectId failed for value \"stats\" (type string) at path \"_id\" for model \"Product\"","timestamp":"2025-07-24T16:49:34.595Z"}
{"level":"error","message":"Cast to ObjectId failed for value \"stats\" (type string) at path \"_id\" for model \"Product\"","timestamp":"2025-07-24T16:49:34.620Z"}
{"level":"error","message":"Cast to ObjectId failed for value \"stats\" (type string) at path \"_id\" for model \"Product\"","timestamp":"2025-07-24T16:52:53.674Z"}
{"level":"error","message":"Cast to ObjectId failed for value \"stats\" (type string) at path \"_id\" for model \"Product\"","timestamp":"2025-07-24T16:52:53.687Z"}
{"level":"error","message":"Cast to ObjectId failed for value \"stats\" (type string) at path \"_id\" for model \"Product\"","timestamp":"2025-07-24T17:07:10.391Z"}
{"level":"error","message":"Cast to ObjectId failed for value \"stats\" (type string) at path \"_id\" for model \"Product\"","timestamp":"2025-07-24T17:07:10.400Z"}
{"level":"error","message":"Cast to ObjectId failed for value \"stats\" (type string) at path \"_id\" for model \"Product\"","timestamp":"2025-07-24T17:14:53.382Z"}
{"level":"error","message":"Cast to ObjectId failed for value \"stats\" (type string) at path \"_id\" for model \"Product\"","timestamp":"2025-07-24T17:14:53.393Z"}
{"level":"error","message":"Cast to ObjectId failed for value \"stats\" (type string) at path \"_id\" for model \"Product\"","timestamp":"2025-07-24T17:16:10.649Z"}
{"level":"error","message":"Cast to ObjectId failed for value \"stats\" (type string) at path \"_id\" for model \"Product\"","timestamp":"2025-07-24T17:16:10.658Z"}
{"level":"error","message":"Cast to ObjectId failed for value \"stats\" (type string) at path \"_id\" for model \"Product\"","timestamp":"2025-07-24T17:17:54.524Z"}
{"level":"error","message":"Cast to ObjectId failed for value \"stats\" (type string) at path \"_id\" for model \"Product\"","timestamp":"2025-07-24T17:17:54.538Z"}
{"level":"error","message":"Cast to ObjectId failed for value \"stats\" (type string) at path \"_id\" for model \"Product\"","timestamp":"2025-07-24T17:18:02.680Z"}
{"level":"error","message":"Cast to ObjectId failed for value \"stats\" (type string) at path \"_id\" for model \"Product\"","timestamp":"2025-07-24T17:18:02.690Z"}
{"level":"error","message":"Cast to ObjectId failed for value \"stats\" (type string) at path \"_id\" for model \"Product\"","timestamp":"2025-07-24T17:19:54.444Z"}
{"level":"error","message":"Cast to ObjectId failed for value \"stats\" (type string) at path \"_id\" for model \"Product\"","timestamp":"2025-07-24T17:19:54.458Z"}
{"level":"error","message":"Cast to ObjectId failed for value \"stats\" (type string) at path \"_id\" for model \"Product\"","timestamp":"2025-07-24T17:20:11.871Z"}
{"level":"error","message":"Cast to ObjectId failed for value \"stats\" (type string) at path \"_id\" for model \"Product\"","timestamp":"2025-07-24T17:20:11.883Z"}
{"level":"error","message":"Cast to ObjectId failed for value \"stats\" (type string) at path \"_id\" for model \"Product\"","timestamp":"2025-07-24T17:24:15.390Z"}
{"level":"error","message":"Cast to ObjectId failed for value \"stats\" (type string) at path \"_id\" for model \"Product\"","timestamp":"2025-07-24T17:24:15.399Z"}
{"level":"error","message":"Cast to ObjectId failed for value \"stats\" (type string) at path \"_id\" for model \"Product\"","timestamp":"2025-07-24T17:25:41.430Z"}
{"level":"error","message":"Cast to ObjectId failed for value \"stats\" (type string) at path \"_id\" for model \"Product\"","timestamp":"2025-07-24T17:25:41.444Z"}
{"level":"error","message":"Cast to ObjectId failed for value \"stats\" (type string) at path \"_id\" for model \"Product\"","timestamp":"2025-07-24T17:28:01.378Z"}
{"level":"error","message":"Cast to ObjectId failed for value \"stats\" (type string) at path \"_id\" for model \"Product\"","timestamp":"2025-07-24T17:28:01.385Z"}
{"level":"error","message":"Cast to ObjectId failed for value \"stats\" (type string) at path \"_id\" for model \"Product\"","timestamp":"2025-07-24T17:30:21.266Z"}
{"level":"error","message":"Cast to ObjectId failed for value \"stats\" (type string) at path \"_id\" for model \"Product\"","timestamp":"2025-07-24T17:30:21.277Z"}
{"level":"error","message":"Cast to ObjectId failed for value \"stats\" (type string) at path \"_id\" for model \"Product\"","timestamp":"2025-07-24T17:32:26.973Z"}
{"level":"error","message":"Cast to ObjectId failed for value \"stats\" (type string) at path \"_id\" for model \"Product\"","timestamp":"2025-07-24T17:32:26.985Z"}
{"level":"error","message":"Cast to ObjectId failed for value \"stats\" (type string) at path \"_id\" for model \"Product\"","timestamp":"2025-07-24T18:29:50.635Z"}
{"level":"error","message":"Cast to ObjectId failed for value \"stats\" (type string) at path \"_id\" for model \"Product\"","timestamp":"2025-07-24T18:29:50.656Z"}
{"level":"error","message":"Cast to ObjectId failed for value \"stats\" (type string) at path \"_id\" for model \"Product\"","timestamp":"2025-07-24T18:30:11.510Z"}
{"level":"error","message":"Cast to ObjectId failed for value \"stats\" (type string) at path \"_id\" for model \"Product\"","timestamp":"2025-07-24T18:30:11.523Z"}
{"level":"error","message":"Cast to ObjectId failed for value \"stats\" (type string) at path \"_id\" for model \"Product\"","timestamp":"2025-07-24T18:30:13.502Z"}
{"level":"error","message":"Cast to ObjectId failed for value \"stats\" (type string) at path \"_id\" for model \"Product\"","timestamp":"2025-07-24T18:30:13.511Z"}
{"level":"error","message":"Cast to ObjectId failed for value \"stats\" (type string) at path \"_id\" for model \"Product\"","timestamp":"2025-07-24T18:30:16.445Z"}
{"level":"error","message":"Cast to ObjectId failed for value \"stats\" (type string) at path \"_id\" for model \"Product\"","timestamp":"2025-07-24T18:30:16.456Z"}
{"level":"error","message":"Cast to ObjectId failed for value \"stats\" (type string) at path \"_id\" for model \"Product\"","timestamp":"2025-07-24T18:33:55.413Z"}
{"level":"error","message":"Cast to ObjectId failed for value \"stats\" (type string) at path \"_id\" for model \"Product\"","timestamp":"2025-07-24T18:33:55.423Z"}
{"level":"error","message":"Cast to ObjectId failed for value \"stats\" (type string) at path \"_id\" for model \"Product\"","timestamp":"2025-07-24T18:40:25.501Z"}
{"level":"error","message":"Cast to ObjectId failed for value \"stats\" (type string) at path \"_id\" for model \"Product\"","timestamp":"2025-07-24T18:40:25.512Z"}
{"level":"error","message":"Cast to ObjectId failed for value \"stats\" (type string) at path \"_id\" for model \"Product\"","timestamp":"2025-07-24T18:40:30.429Z"}
{"level":"error","message":"Cast to ObjectId failed for value \"stats\" (type string) at path \"_id\" for model \"Product\"","timestamp":"2025-07-24T18:40:30.437Z"}
{"level":"error","message":"Cast to ObjectId failed for value \"stats\" (type string) at path \"_id\" for model \"Product\"","timestamp":"2025-07-24T18:42:06.537Z"}
{"level":"error","message":"Cast to ObjectId failed for value \"stats\" (type string) at path \"_id\" for model \"Product\"","timestamp":"2025-07-24T18:42:06.558Z"}
{"level":"error","message":"Cast to ObjectId failed for value \"stats\" (type string) at path \"_id\" for model \"Product\"","timestamp":"2025-07-24T18:42:08.446Z"}
{"level":"error","message":"Cast to ObjectId failed for value \"stats\" (type string) at path \"_id\" for model \"Product\"","timestamp":"2025-07-24T18:42:08.457Z"}
{"level":"error","message":"Cast to ObjectId failed for value \"stats\" (type string) at path \"_id\" for model \"Product\"","timestamp":"2025-07-24T18:52:56.452Z"}
{"level":"error","message":"Cast to ObjectId failed for value \"stats\" (type string) at path \"_id\" for model \"Product\"","timestamp":"2025-07-24T18:52:56.465Z"}
{"level":"error","message":"Cast to ObjectId failed for value \"stats\" (type string) at path \"_id\" for model \"Product\"","timestamp":"2025-07-24T18:52:59.531Z"}
{"level":"error","message":"Cast to ObjectId failed for value \"stats\" (type string) at path \"_id\" for model \"Product\"","timestamp":"2025-07-24T18:52:59.549Z"}
{"level":"error","message":"Cast to ObjectId failed for value \"stats\" (type string) at path \"_id\" for model \"Product\"","timestamp":"2025-07-24T18:53:06.544Z"}
{"level":"error","message":"Cast to ObjectId failed for value \"stats\" (type string) at path \"_id\" for model \"Product\"","timestamp":"2025-07-24T18:53:06.561Z"}
{"level":"error","message":"Cast to ObjectId failed for value \"stats\" (type string) at path \"_id\" for model \"Product\"","timestamp":"2025-07-24T18:53:10.537Z"}
{"level":"error","message":"Cast to ObjectId failed for value \"stats\" (type string) at path \"_id\" for model \"Product\"","timestamp":"2025-07-24T18:53:10.553Z"}
{"level":"error","message":"Cast to ObjectId failed for value \"stats\" (type string) at path \"_id\" for model \"Product\"","timestamp":"2025-07-24T18:53:17.422Z"}
{"level":"error","message":"Cast to ObjectId failed for value \"stats\" (type string) at path \"_id\" for model \"Product\"","timestamp":"2025-07-24T18:53:17.438Z"}
{"level":"error","message":"Cast to ObjectId failed for value \"stats\" (type string) at path \"_id\" for model \"Product\"","timestamp":"2025-07-24T18:53:54.471Z"}
{"level":"error","message":"Cast to ObjectId failed for value \"stats\" (type string) at path \"_id\" for model \"Product\"","timestamp":"2025-07-24T18:53:54.480Z"}
{"level":"error","message":"Cast to ObjectId failed for value \"stats\" (type string) at path \"_id\" for model \"Product\"","timestamp":"2025-07-24T18:57:55.404Z"}
{"level":"error","message":"Cast to ObjectId failed for value \"stats\" (type string) at path \"_id\" for model \"Product\"","timestamp":"2025-07-24T18:57:55.417Z"}
{"level":"error","message":"Cast to ObjectId failed for value \"stats\" (type string) at path \"_id\" for model \"Product\"","timestamp":"2025-07-24T18:59:43.588Z"}
{"level":"error","message":"Cast to ObjectId failed for value \"stats\" (type string) at path \"_id\" for model \"Product\"","timestamp":"2025-07-24T18:59:43.605Z"}
{"level":"error","message":"Cast to ObjectId failed for value \"stats\" (type string) at path \"_id\" for model \"Product\"","timestamp":"2025-07-24T19:00:58.112Z"}
{"level":"error","message":"Cast to ObjectId failed for value \"stats\" (type string) at path \"_id\" for model \"Product\"","timestamp":"2025-07-24T19:00:58.127Z"}
{"level":"error","message":"Cast to ObjectId failed for value \"stats\" (type string) at path \"_id\" for model \"Product\"","timestamp":"2025-07-24T19:01:08.873Z"}
{"level":"error","message":"Cast to ObjectId failed for value \"stats\" (type string) at path \"_id\" for model \"Product\"","timestamp":"2025-07-24T19:01:08.876Z"}
{"level":"error","message":"\"productImages\" must be an array","timestamp":"2025-07-24T19:02:11.052Z"}
{"level":"error","message":"Cast to ObjectId failed for value \"stats\" (type string) at path \"_id\" for model \"Product\"","timestamp":"2025-07-24T19:04:16.495Z"}
{"level":"error","message":"Cast to ObjectId failed for value \"stats\" (type string) at path \"_id\" for model \"Product\"","timestamp":"2025-07-24T19:04:16.508Z"}
{"level":"error","message":"Cast to ObjectId failed for value \"stats\" (type string) at path \"_id\" for model \"Product\"","timestamp":"2025-07-24T19:04:16.645Z"}
{"level":"error","message":"Cast to ObjectId failed for value \"stats\" (type string) at path \"_id\" for model \"Product\"","timestamp":"2025-07-24T19:04:16.652Z"}
{"level":"error","message":"Cast to ObjectId failed for value \"stats\" (type string) at path \"_id\" for model \"Product\"","timestamp":"2025-07-24T19:04:21.412Z"}
{"level":"error","message":"Cast to ObjectId failed for value \"stats\" (type string) at path \"_id\" for model \"Product\"","timestamp":"2025-07-24T19:04:21.421Z"}
{"level":"error","message":"Cast to ObjectId failed for value \"stats\" (type string) at path \"_id\" for model \"Product\"","timestamp":"2025-07-24T19:04:21.568Z"}
{"level":"error","message":"Cast to ObjectId failed for value \"stats\" (type string) at path \"_id\" for model \"Product\"","timestamp":"2025-07-24T19:04:21.574Z"}
{"level":"error","message":"Cast to ObjectId failed for value \"stats\" (type string) at path \"_id\" for model \"Product\"","timestamp":"2025-07-24T19:04:24.484Z"}
{"level":"error","message":"Cast to ObjectId failed for value \"stats\" (type string) at path \"_id\" for model \"Product\"","timestamp":"2025-07-24T19:04:24.490Z"}
{"level":"error","message":"Cast to ObjectId failed for value \"stats\" (type string) at path \"_id\" for model \"Product\"","timestamp":"2025-07-24T19:04:36.626Z"}
{"level":"error","message":"Cast to ObjectId failed for value \"stats\" (type string) at path \"_id\" for model \"Product\"","timestamp":"2025-07-24T19:04:36.636Z"}
{"level":"error","message":"\"productImages\" must be an array","timestamp":"2025-07-24T19:05:16.323Z"}
{"level":"error","message":"\"productImages\" must be an array","timestamp":"2025-07-24T19:05:36.562Z"}
{"level":"error","message":"Cast to ObjectId failed for value \"stats\" (type string) at path \"_id\" for model \"Product\"","timestamp":"2025-07-24T19:06:10.511Z"}
{"level":"error","message":"Cast to ObjectId failed for value \"stats\" (type string) at path \"_id\" for model \"Product\"","timestamp":"2025-07-24T19:06:10.515Z"}
{"level":"error","message":"Cast to ObjectId failed for value \"stats\" (type string) at path \"_id\" for model \"Product\"","timestamp":"2025-07-24T19:06:19.679Z"}
{"level":"error","message":"Cast to ObjectId failed for value \"stats\" (type string) at path \"_id\" for model \"Product\"","timestamp":"2025-07-24T19:06:19.696Z"}
{"level":"error","message":"\"productImages\" must be an array","timestamp":"2025-07-24T19:08:03.542Z"}
{"level":"error","message":"Cast to ObjectId failed for value \"stats\" (type string) at path \"_id\" for model \"Product\"","timestamp":"2025-07-24T19:08:49.284Z"}
{"level":"error","message":"Cast to ObjectId failed for value \"stats\" (type string) at path \"_id\" for model \"Product\"","timestamp":"2025-07-24T19:08:49.289Z"}
{"level":"error","message":"\"productImages\" must be an array","timestamp":"2025-07-24T19:09:09.491Z"}
{"level":"error","message":"Cast to ObjectId failed for value \"stats\" (type string) at path \"_id\" for model \"Product\"","timestamp":"2025-07-24T19:09:57.551Z"}
{"level":"error","message":"Cast to ObjectId failed for value \"stats\" (type string) at path \"_id\" for model \"Product\"","timestamp":"2025-07-24T19:09:57.553Z"}
{"level":"error","message":"\"productImages\" must be an array","timestamp":"2025-07-24T19:10:25.503Z"}
{"level":"error","message":"Cast to ObjectId failed for value \"stats\" (type string) at path \"_id\" for model \"Product\"","timestamp":"2025-07-24T19:10:46.518Z"}
{"level":"error","message":"Cast to ObjectId failed for value \"stats\" (type string) at path \"_id\" for model \"Product\"","timestamp":"2025-07-24T19:10:46.521Z"}
{"level":"error","message":"Cast to ObjectId failed for value \"stats\" (type string) at path \"_id\" for model \"Product\"","timestamp":"2025-07-24T19:10:49.662Z"}
{"level":"error","message":"Cast to ObjectId failed for value \"stats\" (type string) at path \"_id\" for model \"Product\"","timestamp":"2025-07-24T19:10:49.673Z"}
{"level":"error","message":"Cast to ObjectId failed for value \"stats\" (type string) at path \"_id\" for model \"Product\"","timestamp":"2025-07-24T19:11:38.784Z"}
{"level":"error","message":"Cast to ObjectId failed for value \"stats\" (type string) at path \"_id\" for model \"Product\"","timestamp":"2025-07-24T19:11:38.797Z"}
{"level":"error","message":"Cast to ObjectId failed for value \"stats\" (type string) at path \"_id\" for model \"Product\"","timestamp":"2025-07-24T19:11:42.230Z"}
{"level":"error","message":"Cast to ObjectId failed for value \"stats\" (type string) at path \"_id\" for model \"Product\"","timestamp":"2025-07-24T19:11:42.383Z"}
{"level":"error","message":"\"productImages\" must be an array","timestamp":"2025-07-24T19:12:49.018Z"}
{"level":"error","message":"Cast to ObjectId failed for value \"stats\" (type string) at path \"_id\" for model \"Product\"","timestamp":"2025-07-24T19:13:23.564Z"}
{"level":"error","message":"Cast to ObjectId failed for value \"stats\" (type string) at path \"_id\" for model \"Product\"","timestamp":"2025-07-24T19:13:23.573Z"}
{"level":"error","message":"Cast to ObjectId failed for value \"stats\" (type string) at path \"_id\" for model \"Product\"","timestamp":"2025-07-24T19:13:23.814Z"}
{"level":"error","message":"Cast to ObjectId failed for value \"stats\" (type string) at path \"_id\" for model \"Product\"","timestamp":"2025-07-24T19:13:23.822Z"}
{"level":"error","message":"Cast to ObjectId failed for value \"stats\" (type string) at path \"_id\" for model \"Product\"","timestamp":"2025-07-24T19:13:45.550Z"}
{"level":"error","message":"Cast to ObjectId failed for value \"stats\" (type string) at path \"_id\" for model \"Product\"","timestamp":"2025-07-24T19:13:45.555Z"}
{"level":"error","message":"Cast to ObjectId failed for value \"stats\" (type string) at path \"_id\" for model \"Product\"","timestamp":"2025-07-24T19:14:12.091Z"}
{"level":"error","message":"Cast to ObjectId failed for value \"stats\" (type string) at path \"_id\" for model \"Product\"","timestamp":"2025-07-24T19:14:12.100Z"}
{"level":"error","message":"Cast to ObjectId failed for value \"stats\" (type string) at path \"_id\" for model \"Product\"","timestamp":"2025-07-24T19:15:06.139Z"}
{"level":"error","message":"Cast to ObjectId failed for value \"stats\" (type string) at path \"_id\" for model \"Product\"","timestamp":"2025-07-24T19:15:06.145Z"}
{"level":"error","message":"Cast to ObjectId failed for value \"stats\" (type string) at path \"_id\" for model \"Product\"","timestamp":"2025-07-24T19:15:10.777Z"}
{"level":"error","message":"Cast to ObjectId failed for value \"stats\" (type string) at path \"_id\" for model \"Product\"","timestamp":"2025-07-24T19:15:10.800Z"}
{"level":"error","message":"\"productImages\" must be an array","timestamp":"2025-07-24T19:15:41.139Z"}
{"level":"error","message":"\"productImages\" must be an array","timestamp":"2025-07-24T19:17:46.004Z"}
{"level":"error","message":"\"productImages\" must be an array","timestamp":"2025-07-24T19:22:18.138Z"}
{"level":"error","message":"Cast to ObjectId failed for value \"stats\" (type string) at path \"_id\" for model \"Product\"","timestamp":"2025-07-24T19:25:29.493Z"}
{"level":"error","message":"Cast to ObjectId failed for value \"stats\" (type string) at path \"_id\" for model \"Product\"","timestamp":"2025-07-24T19:25:29.500Z"}
{"level":"error","message":"Cast to ObjectId failed for value \"stats\" (type string) at path \"_id\" for model \"Product\"","timestamp":"2025-07-24T19:25:29.847Z"}
{"level":"error","message":"Cast to ObjectId failed for value \"stats\" (type string) at path \"_id\" for model \"Product\"","timestamp":"2025-07-24T19:25:29.860Z"}
{"level":"error","message":"Cast to ObjectId failed for value \"stats\" (type string) at path \"_id\" for model \"Product\"","timestamp":"2025-07-24T19:26:29.013Z"}
{"level":"error","message":"Cast to ObjectId failed for value \"stats\" (type string) at path \"_id\" for model \"Product\"","timestamp":"2025-07-24T19:26:29.032Z"}
{"level":"error","message":"Cast to ObjectId failed for value \"stats\" (type string) at path \"_id\" for model \"Product\"","timestamp":"2025-07-24T19:26:31.377Z"}
{"level":"error","message":"Cast to ObjectId failed for value \"stats\" (type string) at path \"_id\" for model \"Product\"","timestamp":"2025-07-24T19:26:31.392Z"}
{"level":"error","message":"\"productImages\" must be an array","timestamp":"2025-07-24T19:27:03.553Z"}
{"level":"error","message":"Cast to ObjectId failed for value \"stats\" (type string) at path \"_id\" for model \"Product\"","timestamp":"2025-07-24T19:28:01.690Z"}
{"level":"error","message":"Cast to ObjectId failed for value \"stats\" (type string) at path \"_id\" for model \"Product\"","timestamp":"2025-07-24T19:28:01.706Z"}
{"level":"error","message":"Cast to ObjectId failed for value \"stats\" (type string) at path \"_id\" for model \"Product\"","timestamp":"2025-07-24T19:28:03.023Z"}
{"level":"error","message":"Cast to ObjectId failed for value \"stats\" (type string) at path \"_id\" for model \"Product\"","timestamp":"2025-07-24T19:28:03.036Z"}
{"level":"error","message":"Cast to ObjectId failed for value \"stats\" (type string) at path \"_id\" for model \"Product\"","timestamp":"2025-07-24T19:29:37.641Z"}
{"level":"error","message":"Cast to ObjectId failed for value \"stats\" (type string) at path \"_id\" for model \"Product\"","timestamp":"2025-07-24T19:29:37.662Z"}
{"level":"error","message":"\"productImages[0]\" contains an invalid value. \"productImages[1]\" contains an invalid value. \"productImages[2]\" contains an invalid value","timestamp":"2025-07-24T19:30:01.006Z"}
{"level":"error","message":"\"imageFiles\" is not allowed","timestamp":"2025-07-24T19:35:07.792Z"}
{"level":"error","message":"\"imageFiles\" is not allowed","timestamp":"2025-07-24T19:35:38.181Z"}
{"level":"error","message":"Cast to ObjectId failed for value \"stats\" (type string) at path \"_id\" for model \"Product\"","timestamp":"2025-07-24T19:36:17.047Z"}
{"level":"error","message":"Cast to ObjectId failed for value \"stats\" (type string) at path \"_id\" for model \"Product\"","timestamp":"2025-07-24T19:36:17.081Z"}
{"level":"error","message":"Cast to ObjectId failed for value \"stats\" (type string) at path \"_id\" for model \"Product\"","timestamp":"2025-07-24T19:36:54.153Z"}
{"level":"error","message":"Cast to ObjectId failed for value \"stats\" (type string) at path \"_id\" for model \"Product\"","timestamp":"2025-07-24T19:36:54.162Z"}
{"level":"error","message":"Cast to ObjectId failed for value \"stats\" (type string) at path \"_id\" for model \"Product\"","timestamp":"2025-07-24T19:37:01.185Z"}
{"level":"error","message":"Cast to ObjectId failed for value \"stats\" (type string) at path \"_id\" for model \"Product\"","timestamp":"2025-07-24T19:37:01.193Z"}
{"level":"error","message":"\"imageFiles\" is not allowed","timestamp":"2025-07-24T19:37:28.492Z"}
{"level":"error","message":"Product validation failed: category: Cast to ObjectId failed for value \"nicejal\" (type string) at path \"category\" because of \"BSONError\"","timestamp":"2025-07-24T19:38:04.760Z"}
{"level":"error","message":"Product validation failed: category: Cast to ObjectId failed for value \"nicejal\" (type string) at path \"category\" because of \"BSONError\"","timestamp":"2025-07-24T19:42:52.355Z"}
{"level":"error","message":"Product validation failed: category: Cast to ObjectId failed for value \"nicejal\" (type string) at path \"category\" because of \"BSONError\"","timestamp":"2025-07-24T19:43:35.760Z"}
{"level":"error","message":"Product validation failed: category: Cast to ObjectId failed for value \"nicejal\" (type string) at path \"category\" because of \"BSONError\"","timestamp":"2025-07-24T19:47:18.564Z"}
{"level":"error","message":"Cast to ObjectId failed for value \"stats\" (type string) at path \"_id\" for model \"Product\"","timestamp":"2025-07-24T19:54:25.380Z"}
{"level":"error","message":"Cast to ObjectId failed for value \"stats\" (type string) at path \"_id\" for model \"Product\"","timestamp":"2025-07-24T19:54:25.401Z"}
{"level":"error","message":"Cast to ObjectId failed for value \"stats\" (type string) at path \"_id\" for model \"Product\"","timestamp":"2025-07-24T20:04:09.584Z"}
{"level":"error","message":"Cast to ObjectId failed for value \"stats\" (type string) at path \"_id\" for model \"Product\"","timestamp":"2025-07-24T20:04:09.594Z"}
{"level":"error","message":"Cast to ObjectId failed for value \"stats\" (type string) at path \"_id\" for model \"Product\"","timestamp":"2025-07-24T20:15:55.043Z"}
{"level":"error","message":"Cast to ObjectId failed for value \"stats\" (type string) at path \"_id\" for model \"Product\"","timestamp":"2025-07-24T20:15:55.058Z"}
{"level":"error","message":"Cast to ObjectId failed for value \"stats\" (type string) at path \"_id\" for model \"Product\"","timestamp":"2025-07-24T20:15:59.032Z"}
{"level":"error","message":"Cast to ObjectId failed for value \"stats\" (type string) at path \"_id\" for model \"Product\"","timestamp":"2025-07-24T20:15:59.054Z"}
