{"level":"error","message":"Login first to access this resource.","timestamp":"2025-07-27T23:01:50.325Z"}
{"level":"error","message":"Login first to access this resource.","timestamp":"2025-07-27T23:01:52.369Z"}
{"level":"error","message":"Login first to access this resource.","timestamp":"2025-07-28T07:50:14.952Z"}
{"level":"error","message":"Login first to access this resource.","timestamp":"2025-07-28T07:50:14.960Z"}
{"level":"error","message":"Login first to access this resource.","timestamp":"2025-07-28T07:50:16.995Z"}
{"level":"error","message":"Login first to access this resource.","timestamp":"2025-07-28T07:50:17.027Z"}
{"level":"error","message":"Login first to access this resource.","timestamp":"2025-07-28T08:06:40.665Z"}
{"level":"error","message":"Login first to access this resource.","timestamp":"2025-07-28T08:06:40.673Z"}
{"level":"error","message":"Login first to access this resource.","timestamp":"2025-07-28T08:06:42.702Z"}
{"level":"error","message":"Login first to access this resource.","timestamp":"2025-07-28T08:06:42.734Z"}
{"level":"error","message":"Cast to ObjectId failed for value \"stats\" (type string) at path \"_id\" for model \"Product\"","timestamp":"2025-07-28T08:46:39.759Z"}
{"level":"error","message":"Cast to ObjectId failed for value \"stats\" (type string) at path \"_id\" for model \"Product\"","timestamp":"2025-07-28T08:46:39.789Z"}
{"level":"error","message":"Cast to ObjectId failed for value \"stats\" (type string) at path \"_id\" for model \"Product\"","timestamp":"2025-07-28T08:49:03.372Z"}
{"level":"error","message":"Cast to ObjectId failed for value \"stats\" (type string) at path \"_id\" for model \"Product\"","timestamp":"2025-07-28T08:49:03.387Z"}
{"level":"error","message":"Cast to ObjectId failed for value \"stats\" (type string) at path \"_id\" for model \"Product\"","timestamp":"2025-07-28T08:53:12.480Z"}
{"level":"error","message":"Cast to ObjectId failed for value \"stats\" (type string) at path \"_id\" for model \"Product\"","timestamp":"2025-07-28T08:53:12.498Z"}
{"level":"error","message":"Cast to ObjectId failed for value \"stats\" (type string) at path \"_id\" for model \"Product\"","timestamp":"2025-07-28T08:53:54.427Z"}
{"level":"error","message":"Cast to ObjectId failed for value \"stats\" (type string) at path \"_id\" for model \"Product\"","timestamp":"2025-07-28T08:53:54.442Z"}
{"level":"error","message":"Cast to ObjectId failed for value \"stats\" (type string) at path \"_id\" for model \"Product\"","timestamp":"2025-07-28T08:54:27.713Z"}
{"level":"error","message":"Cast to ObjectId failed for value \"stats\" (type string) at path \"_id\" for model \"Product\"","timestamp":"2025-07-28T08:54:27.763Z"}
{"level":"error","message":"Cast to ObjectId failed for value \"stats\" (type string) at path \"_id\" for model \"Product\"","timestamp":"2025-07-28T08:54:31.507Z"}
{"level":"error","message":"Cast to ObjectId failed for value \"stats\" (type string) at path \"_id\" for model \"Product\"","timestamp":"2025-07-28T08:54:31.520Z"}
{"level":"error","message":"Login first to access this resource.","timestamp":"2025-07-28T09:13:38.559Z"}
{"level":"error","message":"Login first to access this resource.","timestamp":"2025-07-28T09:13:38.563Z"}
{"level":"error","message":"Login first to access this resource.","timestamp":"2025-07-28T09:13:40.602Z"}
{"level":"error","message":"Login first to access this resource.","timestamp":"2025-07-28T09:13:40.636Z"}
{"level":"error","message":"Login first to access this resource.","timestamp":"2025-07-28T09:14:53.242Z"}
{"level":"error","message":"Login first to access this resource.","timestamp":"2025-07-28T09:14:53.244Z"}
{"level":"error","message":"Login first to access this resource.","timestamp":"2025-07-28T09:14:55.326Z"}
{"level":"error","message":"Login first to access this resource.","timestamp":"2025-07-28T09:14:55.359Z"}
{"level":"error","message":"Login first to access this resource.","timestamp":"2025-07-28T09:19:51.013Z"}
{"level":"error","message":"Login first to access this resource.","timestamp":"2025-07-28T09:19:51.016Z"}
{"level":"error","message":"Login first to access this resource.","timestamp":"2025-07-28T09:19:51.019Z"}
{"level":"error","message":"Login first to access this resource.","timestamp":"2025-07-28T09:19:53.052Z"}
{"level":"error","message":"Login first to access this resource.","timestamp":"2025-07-28T09:19:53.084Z"}
{"level":"error","message":"Login first to access this resource.","timestamp":"2025-07-28T09:19:53.114Z"}
{"level":"error","message":"Cast to ObjectId failed for value \"stats\" (type string) at path \"_id\" for model \"Product\"","timestamp":"2025-07-28T09:37:40.034Z"}
{"level":"error","message":"Cast to ObjectId failed for value \"stats\" (type string) at path \"_id\" for model \"Product\"","timestamp":"2025-07-28T09:37:40.043Z"}
{"level":"error","message":"Cast to ObjectId failed for value \"[object Object]\" (type string) at path \"_id\" for model \"PaymentMethod\"","timestamp":"2025-07-28T09:43:15.412Z"}
{"level":"error","message":"Login first to access this resource.","timestamp":"2025-07-28T09:56:29.524Z"}
{"level":"error","message":"Login first to access this resource.","timestamp":"2025-07-28T09:56:29.528Z"}
{"level":"error","message":"Login first to access this resource.","timestamp":"2025-07-28T09:56:29.530Z"}
{"level":"error","message":"Login first to access this resource.","timestamp":"2025-07-28T09:56:31.662Z"}
{"level":"error","message":"Login first to access this resource.","timestamp":"2025-07-28T09:56:31.693Z"}
{"level":"error","message":"Login first to access this resource.","timestamp":"2025-07-28T09:56:31.723Z"}
{"level":"error","message":"Login first to access this resource.","timestamp":"2025-07-28T09:58:22.233Z"}
{"level":"error","message":"Login first to access this resource.","timestamp":"2025-07-28T09:58:22.238Z"}
{"level":"error","message":"Login first to access this resource.","timestamp":"2025-07-28T09:58:22.240Z"}
{"level":"error","message":"Login first to access this resource.","timestamp":"2025-07-28T09:58:24.282Z"}
{"level":"error","message":"Login first to access this resource.","timestamp":"2025-07-28T09:58:24.322Z"}
{"level":"error","message":"Login first to access this resource.","timestamp":"2025-07-28T09:58:24.347Z"}
{"level":"error","message":"Login first to access this resource.","timestamp":"2025-07-28T10:01:31.023Z"}
{"level":"error","message":"Login first to access this resource.","timestamp":"2025-07-28T10:01:31.028Z"}
{"level":"error","message":"Login first to access this resource.","timestamp":"2025-07-28T10:01:31.031Z"}
{"level":"error","message":"Login first to access this resource.","timestamp":"2025-07-28T10:01:31.037Z"}
{"level":"error","message":"Login first to access this resource.","timestamp":"2025-07-28T10:01:31.043Z"}
{"level":"error","message":"Login first to access this resource.","timestamp":"2025-07-28T10:01:31.046Z"}
{"level":"error","message":"Login first to access this resource.","timestamp":"2025-07-28T10:02:35.595Z"}
{"level":"error","message":"Login first to access this resource.","timestamp":"2025-07-28T10:02:35.604Z"}
{"level":"error","message":"Login first to access this resource.","timestamp":"2025-07-28T10:02:35.606Z"}
{"level":"error","message":"Login first to access this resource.","timestamp":"2025-07-28T10:02:35.621Z"}
{"level":"error","message":"Login first to access this resource.","timestamp":"2025-07-28T10:02:35.624Z"}
{"level":"error","message":"Login first to access this resource.","timestamp":"2025-07-28T10:02:35.631Z"}
{"level":"error","message":"Cast to ObjectId failed for value \"[object Object]\" (type string) at path \"_id\" for model \"PaymentMethod\"","timestamp":"2025-07-28T10:22:47.661Z"}
{"level":"error","message":"Cast to ObjectId failed for value \"[object Object]\" (type string) at path \"_id\" for model \"PaymentMethod\"","timestamp":"2025-07-28T10:26:35.247Z"}
{"level":"info","message":"Email sent successfully","messageId":"<3e74a366-29ff-b0e1-2856-0365953a2161@localhost>","timestamp":"2025-07-28T13:37:30.847Z"}
{"level":"error","message":"User not found.","timestamp":"2025-07-28T14:32:46.873Z"}
{"level":"error","message":"User not found.","timestamp":"2025-07-28T14:32:46.902Z"}
{"level":"error","message":"Cast to ObjectId failed for value \"stats\" (type string) at path \"_id\" for model \"Product\"","timestamp":"2025-07-28T14:33:51.749Z"}
{"level":"error","message":"Cast to ObjectId failed for value \"stats\" (type string) at path \"_id\" for model \"Product\"","timestamp":"2025-07-28T14:33:51.802Z"}
{"level":"error","message":"\"images\" is not allowed","timestamp":"2025-07-28T16:24:28.497Z"}
{"level":"error","message":"\"images\" is not allowed","timestamp":"2025-07-28T16:32:09.502Z"}
{"level":"error","message":"\"existingImages\" is not allowed","timestamp":"2025-07-28T17:17:53.476Z"}
{"level":"error","message":"\"existingImages\" is not allowed","timestamp":"2025-07-28T17:18:55.270Z"}
{"level":"error","message":"\"existingImages\" is not allowed","timestamp":"2025-07-28T17:19:41.106Z"}
{"level":"error","message":"\"existingImages\" is not allowed","timestamp":"2025-07-28T17:23:22.132Z"}
