{"level":"error","message":"\"callToAction.link\" is not allowed to be empty","timestamp":"2025-08-02T23:04:38.799Z"}
{"level":"error","message":"\"callToAction.link\" is not allowed to be empty","timestamp":"2025-08-02T23:22:22.195Z"}
{"level":"error","message":"\"postMetadata.timeRequired\" is not allowed to be empty","timestamp":"2025-08-02T23:34:04.167Z"}
{"level":"error","message":"\"scheduledFor\" must be in ISO 8601 date format","timestamp":"2025-08-02T23:38:44.028Z"}
{"level":"error","message":"\"callToAction.text\" is not allowed to be empty","timestamp":"2025-08-02T23:42:15.869Z"}
{"level":"error","message":"\"author\" is not allowed","timestamp":"2025-08-02T23:49:37.013Z"}
{"level":"error","message":"No valid images were uploaded","timestamp":"2025-08-02T23:51:30.573Z"}
{"level":"error","message":"No valid images were uploaded","timestamp":"2025-08-02T23:54:11.341Z"}
{"level":"error","message":"No valid images were uploaded","timestamp":"2025-08-02T23:56:18.536Z"}
{"level":"error","message":"No valid images were uploaded","timestamp":"2025-08-02T23:56:46.130Z"}
{"level":"error","message":"No valid images were uploaded","timestamp":"2025-08-02T23:58:29.303Z"}
{"level":"error","message":"No valid images were uploaded","timestamp":"2025-08-03T00:00:18.052Z"}
{"level":"error","message":"No valid images were uploaded","timestamp":"2025-08-03T00:09:15.454Z"}
{"level":"error","message":"No valid images were uploaded","timestamp":"2025-08-03T00:10:20.667Z"}
{"level":"error","message":"No valid images were uploaded","timestamp":"2025-08-03T00:11:17.816Z"}
{"level":"error","message":"No file provided for upload","timestamp":"2025-08-03T00:14:42.399Z"}
{"level":"error","message":"No file provided for upload","timestamp":"2025-08-03T00:16:27.650Z"}
{"level":"error","message":"No file provided for upload","timestamp":"2025-08-03T00:17:05.671Z"}
{"level":"error","message":"No file provided for upload","timestamp":"2025-08-03T00:18:44.796Z"}
{"level":"error","message":"Categories must be an array","timestamp":"2025-08-03T00:46:54.970Z"}
{"level":"error","message":"Error creating post","timestamp":"2025-08-03T00:47:12.383Z"}
{"level":"error","message":"Error creating post","timestamp":"2025-08-03T00:52:48.048Z"}
{"level":"error","message":"Error creating post","timestamp":"2025-08-03T00:58:45.022Z"}
{"level":"error","message":"Error creating post","timestamp":"2025-08-03T01:06:35.293Z"}
{"level":"error","message":"Error creating post","timestamp":"2025-08-03T01:13:28.230Z"}
{"level":"error","message":"Error creating post","timestamp":"2025-08-03T01:15:49.527Z"}
